39091da874126986e46a9ea06096e6e29ad77280  /bin/[
1b29766d8882c8279b2c20e32f933578dfdf41b4  /bin/bash
beea38aed6a868da1e244190b71633b1d8d97d02  /bin/cat
a2713302a44412e13f9fb7b01518692b4fe5257a  /bin/chmod
0a9fd8610998596bfb437fa5ac161b1e0a5a6581  /bin/cp
8566e6ba43d7e7be0fc1dc3dc9e9f9c0d160987b  /bin/csh
33843989ca0eec9e591c65e1349930f5def04bef  /bin/date
27f821d440cff07f62c4f07302abda4884320824  /bin/dd
069daed9676501ccef444eb9a2cf91ce7d360826  /bin/df
f4e8ca7a3e1a641f360883aa8a700c9271f17f61  /bin/domainname
b7cb15760d1d486448fb71480ecb049fccac81fa  /bin/echo
8d63e643d9fbd43e10a46694e61ca2c92109861f  /bin/ed
29979768efe0361575cfc1b6a60c062c5000b560  /bin/expr
054b7050d32e025fafb804f64110d92056e911c8  /bin/hostname
358817b6aa5a4caf216161460b8e4fba5aca88d0  /bin/kill
d24d753b42c3b26e98317bc587989db010b1470a  /bin/ksh
a4bea82a788b793f43767444636c2debf3ce405a  /bin/launchctl
b784439dc4bba1567110ca3fe436cf4c257163d1  /bin/link
b784439dc4bba1567110ca3fe436cf4c257163d1  /bin/ln
f378ba2aa7f90378a9cae9b1546bb2d21b2b6666  /bin/ls
f170734054d1fd4bd1481a151657b02fdafa4a00  /bin/mkdir
8bc6e144cc5002c0e22decf9ab99283e161e765d  /bin/mv
c42ef4192eb31532f08b5087d6d1e6969b4fdd57  /bin/pax
6d87ac88557c9a28f7e05bfddfc5c7ef2c3d88e1  /bin/ps
9895e93b090a55f5d27f3c20cc3bd5bc722bdbad  /bin/pwd
6fbf968917554df3aa47aac997854a9fd2f6e514  /bin/rcp
16887661eb3e78bdf3c07a2e583b65466eaf5648  /bin/rm
0f3b85e7b618bc435ec6490c83ef05c102dbde1e  /bin/rmdir
8e6bdc50724c9066dbc9ec4b458de4ea97b51a10  /bin/sh
ac97151d43e4bedc13e0093e9df81715f830de17  /bin/sleep
1400aa2bea42b840604ca69353a1f8eec2a440b2  /bin/stty
b24fa1060bf5e304f808ed493f2bd4f69ed4eaaf  /bin/sync
8566e6ba43d7e7be0fc1dc3dc9e9f9c0d160987b  /bin/tcsh
39091da874126986e46a9ea06096e6e29ad77280  /bin/test
16887661eb3e78bdf3c07a2e583b65466eaf5648  /bin/unlink
37b075116134998e7cad242bbd0639880a164175  /bin/wait4path
67f52be356225fd006c99709aa855932a59e50cb  /bin/zsh
be8c382abb0049b515105c1e5e30401ae7521ec3  /usr/bin/2to3
be8c382abb0049b515105c1e5e30401ae7521ec3  /usr/bin/2to3-
bbca31d05cf220c3587248209a3b0e12f11f484c  /usr/bin/BuildStrings
f988058f80944c00190e816e2a499b94dc657499  /usr/bin/CpMac
443ffcfe58322c1f542fca3a3fc47d9346f37887  /usr/bin/DeRez
c1b09a1c916313a675c61f9e5ce267493411fbfa  /usr/bin/GetFileInfo
28598c7cb8023825c4ac414618b4f00f7f5be0e1  /usr/bin/MergePef
29731b2e10f5c3feba8fbd4f31edaffa6da00f9a  /usr/bin/MvMac
a594eed9457eb1a46361ae710f7b7a7aa142b9e3  /usr/bin/R
2e9df07005caa83b30ef4ccab47dadb358438503  /usr/bin/ResMerger
5f7f4f8156dc99e58a36c7d2cb7ca316d8d42477  /usr/bin/Rez
f947428f3cffcc6c7ec35940c448ccc7fcfc8013  /usr/bin/RezDet
57a474bc72e1fb399bce4a0e3b9a4b7e5300a244  /usr/bin/RezWack
0f4c5f8b40a2447ac7722f8ee3d8348a70b90b78  /usr/bin/Rscript
74d2643f372cffca785aafd4940aca2a3f733431  /usr/bin/SetFile
872d00fa014e37838d327be89fa5166b0509acfb  /usr/bin/SplitForks
2e3a18218d7d9f10d275922121fa6ea27741b963  /usr/bin/UnRezWack
6274855789fb7492357e0af847161df18bf530d8  /usr/bin/a2p5.18
6274855789fb7492357e0af847161df18bf530d8  /usr/bin/a2p5.16
6274855789fb7492357e0af847161df18bf530d8  /usr/bin/a2p5.18
90a5ef45d2e27d98565b1e93d488dedaa7c2315d  /usr/bin/addftinfo
69af846a6a1fe0cb73aec4d0d703aae3f9c69e06  /usr/bin/afconvert
32b7bfdd83969221f2699cec7a6bdc62636b37bf  /usr/bin/afhash
1428fefdf5ed3e27503541505249cb6a5b1200a7  /usr/bin/afida
0cd992ed95b87a45a9b98d911f065f97c1086b70  /usr/bin/afinfo
dfff303bff0baf578f09e65f5112bcfe0bda4d50  /usr/bin/afmtodit
d2bf2c9f76abe55efa6fad2b44d94db45998a290  /usr/bin/afplay
9defbce109492a8661b596cf1a4ffbc4fd2ccec6  /usr/bin/afscexpand
7d460dad872dbe12ebaa9b28a9bfa4e0e5c63e27  /usr/bin/agentxtrap
186e3546691dbf1712daecfa2a95435f5581d9c1  /usr/bin/agvtool
a470d07ae9b4d52f1c9fabeb356cbb951823f841  /usr/bin/alias
8d9f67febd0818e8ae545f6526435a475a423320  /usr/bin/allmemory
9b1ef71b5fef55315455e8c1fa3aafe0324d03af  /usr/bin/applesingle
7b69197b33f10b3eeefc273abf94c7b8685c7e58  /usr/bin/appletviewer
a326f74c4313dabac8b377245700f21253e06af6  /usr/bin/apply
e709f8089b917d0944e3f97d442f094d875715e6  /usr/bin/apr-1-config
55833450fba951d06d34a42d55010b605e7148cb  /usr/bin/apropos
801c36f46fd1f5870206b1d789e73c4bb08cdf60  /usr/bin/apt
a2e0b2eff01509e18ed0b2f206c65bf1d1b8c0b3  /usr/bin/apu-1-config
99904f485fff4969ea760e63941190bfc3797c70  /usr/bin/ar
658e6e215e8aba211a1bae227db790931fcb6ea7  /usr/bin/arch
853d1db7e95acb938080c508aad876660c38d7b2  /usr/bin/as
16b382965974bdc04a7b3c648c1a6c8a818cdcc4  /usr/bin/asa
f6dc4c3536d2849d32dc2498941eb82c8a0c1756  /usr/bin/asctl
90d12096dc22e62bc65aaf17a97d2e5cbfd39bb6  /usr/bin/at
047274dbd4722303e6f642e4a7c6329a378fa582  /usr/bin/atos
90d12096dc22e62bc65aaf17a97d2e5cbfd39bb6  /usr/bin/atq
90d12096dc22e62bc65aaf17a97d2e5cbfd39bb6  /usr/bin/atrm
1be2834ccfd8e4788d5253f1faa86b0fa23110d6  /usr/bin/atsutil
bff7f868fbd0ac73eeb5a76dab8101563d619e8e  /usr/bin/automator
7c19b641c068042d8a58ce07c41dcf234f5dd9d0  /usr/bin/auval
038a7d13a3c16be41b7b04c81889e7502a01441b  /usr/bin/auvaltool
2093d789458660f24e9ff98f4a82a3642fc0abc4  /usr/bin/avbdiagnose
e8638277d48578a62c82ca6803bdac56729c5870  /usr/bin/avconvert
0a4616df6e3edd9d005eb39990d035bfa6394d19  /usr/bin/avmetareadwrite
470f76c7b415219c25cbf34fe98b5a5436539794  /usr/bin/awk
9e2251d0caabcb13290ca9ac35782b43a5632efc  /usr/bin/banner
7b8d0e3afa6705afdda1b9641406827d8728893b  /usr/bin/base64
1caffd7d89a92583c1cf4a2388cd37ad2630a791  /usr/bin/basename
0b4cfa259b1f5abb4502e8c59a17397de212d91a  /usr/bin/bashbug
90d12096dc22e62bc65aaf17a97d2e5cbfd39bb6  /usr/bin/batch
c16702d2445ff6bd8c642b3736fc1fe32b9e177d  /usr/bin/bc
a470d07ae9b4d52f1c9fabeb356cbb951823f841  /usr/bin/bg
3d6a8a3a91eeec81331613635f71ef8c9a1e3faa  /usr/bin/biff
b2b07b18b5399d48ac17844919273c4fd10388fc  /usr/bin/binhex
c317d1a6779f5e4e626d6cb5e27578d336c349fb  /usr/bin/binhex5.18.pl
c317d1a6779f5e4e626d6cb5e27578d336c349fb  /usr/bin/binhex5.18.pl
490caf605cff7c03783bdef4e35cc7065cf0627a  /usr/bin/bison
919afd53bdc6c94bea83803578e909660650ed9f  /usr/bin/bitesize.d
66f8a0518f155ebf07a04b6d85f89b76efe0b8a0  /usr/bin/brctl
40d56cf3d7256f0c67bb4aadd0abf5ce97238119  /usr/bin/bsdtar
6ace70cfae84079551afa0c367924a9470e8b37f  /usr/bin/bspatch
2137c359c5998f0f2bb2992fb5b678e2c9be0d77  /usr/bin/btmmdiagnose
0f6f0112a35dd9f61d21e2e42a580cf485f473e6  /usr/bin/bunzip2
0f6f0112a35dd9f61d21e2e42a580cf485f473e6  /usr/bin/bzcat
50b458f4c80b46c0a4d1aab44a50a45957d7bea6  /usr/bin/bzcmp
50b458f4c80b46c0a4d1aab44a50a45957d7bea6  /usr/bin/bzdiff
d6b3853583a7dd19449275723b05b7a7e75d4529  /usr/bin/bzegrep
d6b3853583a7dd19449275723b05b7a7e75d4529  /usr/bin/bzfgrep
d6b3853583a7dd19449275723b05b7a7e75d4529  /usr/bin/bzgrep
0f6f0112a35dd9f61d21e2e42a580cf485f473e6  /usr/bin/bzip2
c12e89a52574a4a1b4777067828cb664c7f441ef  /usr/bin/bzip2recover
565f7e9a4db0aa84738983ed1172dfd0e5d294cc  /usr/bin/bzless
565f7e9a4db0aa84738983ed1172dfd0e5d294cc  /usr/bin/bzmore
263ccef2b52212f42c907234d0455667ef304d16  /usr/bin/c++
30a9456f2a101d1f4c205ae00c74201a0a6625a2  /usr/bin/c++filt
957ae839c2ea15e7205207b3dd674975fd0b14eb  /usr/bin/c2ph5.18
34c77b884a8e81a95d0db53619e8e8e64a699d6f  /usr/bin/c2ph5.16
957ae839c2ea15e7205207b3dd674975fd0b14eb  /usr/bin/c2ph5.18
0db3f1ccc4e54ab54a057d5b03f9e2fabeddb2ba  /usr/bin/c89
d72e31117ada58e898742c7e3ec4802bf5612dc6  /usr/bin/c99
5dbf33d1c9bdceb66429cb8142e60fcd3c0a4bcf  /usr/bin/c_rehash
2e74c76183fe578bdb9133a116709039d0253e22  /usr/bin/caffeinate
939d7705ffc27de3f3a73b5abc8bb32526c06eed  /usr/bin/cal
fe783b0a935d2cf7a891e283cde150e456a6a8c2  /usr/bin/calendar
4b1a5c90e3ae05a359fb3a1a7989ce054515d031  /usr/bin/cancel
52d42dcc29566ef2d9206978650863ff7b967f18  /usr/bin/cap_mkdb
51f915075d0ec239fc420ec799e4ac1fbbfa8822  /usr/bin/captoinfo
2392d0260db084e41078ebbb0791a3fa829dc689  /usr/bin/cc
a470d07ae9b4d52f1c9fabeb356cbb951823f841  /usr/bin/cd
0c567518effcd1b2b4a3d752df6f50064d014e01  /usr/bin/certtool
1fd81c9d45ce7880eab762fc28d7534f8ca6b055  /usr/bin/checknr
bf9a3113bddf44a20a8301a38dfcbdb957aedaea  /usr/bin/chflags
c316b32fdb4b562d405c3edb1be6d2908ff76ae1  /usr/bin/chfn
0194ee6abfff4775be0f9babffbb07441207f781  /usr/bin/chgrp
c316b32fdb4b562d405c3edb1be6d2908ff76ae1  /usr/bin/chpass
c316b32fdb4b562d405c3edb1be6d2908ff76ae1  /usr/bin/chsh
73214673ccc4e6837a9cb8cc09fe5e345dcb9f29  /usr/bin/cksum
2392d0260db084e41078ebbb0791a3fa829dc689  /usr/bin/clang
263ccef2b52212f42c907234d0455667ef304d16  /usr/bin/clang++
23c1a8374ea591d12610953108d7c2552c8f73d6  /usr/bin/clear
239f9b514e6f696655ddc214c1d80cc32a0f8404  /usr/bin/cmp
19855e4dc5b80f2215b8405475e497e23bcf1d79  /usr/bin/cmpdylib
bc7bdac074da25d0f526b21b0ecc4f9a5ca883b9  /usr/bin/codesign
b6eb2d17d0e6fd8bd1fd0bf0b8da26a6c8ffb043  /usr/bin/codesign_allocate
c8928c25a207f4cea2f1d1000dd8ed3be1a710f0  /usr/bin/col
37de8b7bf0fce68604cdd7d72aae999f6b6877ce  /usr/bin/colcrt
7830ad14101806f5045fb6d8c179cd0b9656615a  /usr/bin/colldef
073098f911c0b43d7b3033a6ac0b5fec840b012c  /usr/bin/colrm
07a430fe0e3de3455eef1cef2c15c7c7c3071418  /usr/bin/column
cec5e131c8a36a640c415965abec601899e552ee  /usr/bin/comm
a470d07ae9b4d52f1c9fabeb356cbb951823f841  /usr/bin/command
9bfb5fd6598505af0461e6d6e4b56d5a4c37b41c  /usr/bin/compress
52b92f52ef382f599425dae429d8c2f7eb26177e  /usr/bin/config_data5.18
d280ea302722d6009a780f5d6ed46d7aee592fc8  /usr/bin/config_data5.16
52b92f52ef382f599425dae429d8c2f7eb26177e  /usr/bin/config_data5.18
6e478b4d9d819b8ca21f0cfcf74dacbc182aaf41  /usr/bin/corelist5.18
820e9cda3d8ee182e5b5c2e200e28e071510dc16  /usr/bin/corelist5.16
6e478b4d9d819b8ca21f0cfcf74dacbc182aaf41  /usr/bin/corelist5.18
dab337d3625cc335da5dd9c7dddd627cc384eb55  /usr/bin/cpan5.18
87901c48b0816b6f912e8e16eb9291ca21ce7ec1  /usr/bin/cpan2dist5.18
d8d638708916802a3e38e047b5451266398b9453  /usr/bin/cpan2dist5.16
87901c48b0816b6f912e8e16eb9291ca21ce7ec1  /usr/bin/cpan2dist5.18
8caf304f2451556c20305915e41120d78a986f44  /usr/bin/cpan5.16
dab337d3625cc335da5dd9c7dddd627cc384eb55  /usr/bin/cpan5.18
115020ec1435eecc658220b27bb4728fff699b73  /usr/bin/cpanp5.18
9949ceb60adff9044e2f2a188ebc48e93da61ac8  /usr/bin/cpanp-run-perl5.18
8b17e0199f82ac103cafa584068834f967345346  /usr/bin/cpanp-run-perl5.16
9949ceb60adff9044e2f2a188ebc48e93da61ac8  /usr/bin/cpanp-run-perl5.18
442eba32c8beca0a0d3467f24170b44ae47ef6be  /usr/bin/cpanp5.16
115020ec1435eecc658220b27bb4728fff699b73  /usr/bin/cpanp5.18
35360827fe208033d957d9400ce67ccb88576214  /usr/bin/cpio
e93877154b044f14722cb5864665be35049a55f5  /usr/bin/cpp
6a17ce808f7dd8865cab913681055ac972dc69b6  /usr/bin/cpu_profiler.d
f348eae3dda69f2eb3f52435850f3c71ac433a6e  /usr/bin/cpuwalk.d
78a2e0c67246acfa6bfc78b9957eb52b65564165  /usr/bin/crc325.18
919ce9a0cf1689a5de1f27c2dcf8558d822f35fc  /usr/bin/crc325.16
78a2e0c67246acfa6bfc78b9957eb52b65564165  /usr/bin/crc325.18
4624b8e524dae57f2278b482e20576bf9ae6f24a  /usr/bin/creatbyproc.d
707c8158e171194caf32384c82a30263118b6837  /usr/bin/crlrefresh
128a97ac3f8f157bf5c48e9d5873e3adcad1a798  /usr/bin/crontab
095d7c56e7be55b4525f67b8889503b8d76fbcd4  /usr/bin/csdiagnose
498918d91ac1f41580450d4c4e27ec36a6b4554d  /usr/bin/csgather
6ab1a3047abfef4f6f2a15dda72701fc1fc2dcf5  /usr/bin/csplit
4a183cc513c0d0af7ad5bd76e44c5d303d8580d9  /usr/bin/csreq
f097e7558534ebad9a88ff118b3985eb7a684d31  /usr/bin/ctags
7cab32b6a46ba596c0146c92c46c3eb85a8e170e  /usr/bin/ctf_insert
4cf807ca4c4057404317e1bcec10712444d6cd3b  /usr/bin/cu
6ac7336064515b68e31c240e981af008f55afd77  /usr/bin/cups-config
fa2c54719c3eab8a483c3138bd8b8131aa6a5e12  /usr/bin/cupstestdsc
16fb66cfa6ed7bfe2eb059f24c66ccf10290b5b1  /usr/bin/cupstestppd
54c0c3898e4282194109900646a0f92f453fbd81  /usr/bin/curl
b9f0668fcd2e3af36aba9e1ba9237e42c98c3a3e  /usr/bin/curl-config
f74d9f3f105133b8e91a4a7bc03aef4ba6456d7e  /usr/bin/cut
5545782e83cc1bbe529527adefbece52a89d33d4  /usr/bin/cvaffinity
32c4a1c0d3474a6f24db8d26ea6233d5206edb57  /usr/bin/cvcp
f998dff88d938305a0de17db3f494ab986fd379f  /usr/bin/cvmkdir
973f9f6e584d79f7b419fd4c1c1a8417e6d1898c  /usr/bin/cvmkfile
431db7805a3ada4ebd80443d689e92bb712a333b  /usr/bin/dappprof
9ccde30a1cf05981a2fd3dbc8f92230d7703d41f  /usr/bin/dapptrace
df6c546e7af4ac44aa2a237834726dfb648aab01  /usr/bin/darwinup
a3cc4f06f4d2dfe582f67eba14a338a04ffc17f4  /usr/bin/db_archive
3f1577d4eb6cfe6d873c74dfa013750f93f07b9a  /usr/bin/db_checkpoint
1689af80f8b245098425128aaabdeee97f215bda  /usr/bin/db_codegen
06e7fa1b2ea41859f3513b6db0eeaa314407cee4  /usr/bin/db_deadlock
f40079e668e9da4d9ffa0073666e697997c773dc  /usr/bin/db_dump
dc76c3ddfe557bb59d2e4a6e492729646584a4a2  /usr/bin/db_hotbackup
37631da40ca80b32ae6a7707e4d76048b3cb7d29  /usr/bin/db_load
0e6e7e9dc460962970343be6da8dc9b604c92823  /usr/bin/db_printlog
13fcbee36ad7ec041fd96d63ebd634d3616e873e  /usr/bin/db_recover
4adf32597d099085211b1f8301ee2c49813c65bd  /usr/bin/db_stat
0e52ff8be68956fb67a8022405db9f3abf243c93  /usr/bin/db_upgrade
acf414671fb6a880ce09b5bcea4e7ee395146d80  /usr/bin/db_verify
c7961060f55a2ad74507d4396151878e0e8cbfa6  /usr/bin/dbicadmin5.18
39fddc08ab3145ee19e70ab4861dc60d451c4c47  /usr/bin/dbicadmin5.16
c7961060f55a2ad74507d4396151878e0e8cbfa6  /usr/bin/dbicadmin5.18
61b5d9039f42d37e1c46594f9dcbbf7b0e574ab3  /usr/bin/dbilogstrip5.18
26f756ec6ce6b68f28ab8915f13b0dad493446a2  /usr/bin/dbilogstrip5.16
61b5d9039f42d37e1c46594f9dcbbf7b0e574ab3  /usr/bin/dbilogstrip5.18
b5968c509e0744047c49ef9f00f1442c7dc88572  /usr/bin/dbiprof5.18
882875c0bca82a249397a336937483b42565957f  /usr/bin/dbiprof5.16
b5968c509e0744047c49ef9f00f1442c7dc88572  /usr/bin/dbiprof5.18
91ad9c4f1c293e89aff7ff8be026b5aa607a278e  /usr/bin/dbiproxy5.18
5511c80177751c41e3c602f2c9c46b37d4447dec  /usr/bin/dbiproxy5.16
91ad9c4f1c293e89aff7ff8be026b5aa607a278e  /usr/bin/dbiproxy5.18
bf095a5744182a8379c130a8187a9d188861223b  /usr/bin/dc
93d81d6ded2ddcfcf9c0f4d404f5374797effa6f  /usr/bin/debinhex5.18.pl
93d81d6ded2ddcfcf9c0f4d404f5374797effa6f  /usr/bin/debinhex5.18.pl
b0e3f91763e76352a1d85e77cf2245650d795d3d  /usr/bin/defaults
87059d3f99403e9315f79b60fd34e5eedc3792f0  /usr/bin/desdp
18611cc84b90c2ee032a448b0c0f8e0299d1754b  /usr/bin/diff
6b6f3b002d99bf2c18d07c14b68ed14ef178106a  /usr/bin/diff3
c7f4526d03a018c7376260d943f2bc1d563dd4c4  /usr/bin/diffstat
5b4d3e53f8389cea1afb12ca86988408e8f10d21  /usr/bin/dig
efb942cfa90ab3f00ea22d2e49f0b36fc1c8a694  /usr/bin/dirname
bab290604d002843846cced4062688b5858f2745  /usr/bin/diskhits
0cd4f30a0cb906b9543f6db56e013ff273c41336  /usr/bin/dispqlen.d
b9f4ebc22f7d52bd8ef13a877aa0376e17d42197  /usr/bin/ditto
07b11359332cf8828bb47b6d577b1214689e424c  /usr/bin/dns-sd
a8bb070f361607afaeb5c40c7ebc4508e8818f00  /usr/bin/drutil
13e84f08ab45c12e8a996df348e48881cd14278b  /usr/bin/dscacheutil
26c7f6d28ee4c28e297c87fe5ca0514542010e82  /usr/bin/dscl
d8693de562303105e6a3b0b4e16a2b19ffafddf6  /usr/bin/dserr
2ca606df8c10411d3c827a2f01d05ab2f7818227  /usr/bin/dsexport
da56f6dc4ebeacc715e83de38add339ef4f238ea  /usr/bin/dsimport
360f10ba4aa52e649db5a4c9abc0f66f6961437e  /usr/bin/dsmemberutil
f965bea7b67d6e6c834d439a488f28c21423d686  /usr/bin/dsymutil
2edc4f4de5c07e33c8529cdb965af2efa0c8f002  /usr/bin/dtruss
d91a648d1d15c72fd2b4b9b9d3e995b8743871b1  /usr/bin/du
f7ec7c67e466f8fad1033a171af329640b95a33c  /usr/bin/dwarfdump
be8c382abb0049b515105c1e5e30401ae7521ec3  /usr/bin/easy_install
af7fe6c883705f7dc6769a439b3e42a381bd2c80  /usr/bin/easy_install-2.6
ceb4ba4e25ae596b119689ece9c8ee53bf4bef22  /usr/bin/easy_install-2.7
7f276f17d4ac86a0db6b241c8bfe8aa4f111737b  /usr/bin/efax
72b35912346a9d902faea99c286aa25131361131  /usr/bin/efix
d6b3853583a7dd19449275723b05b7a7e75d4529  /usr/bin/egrep
197f2cf53df2b8335957683139600e6af71cefe5  /usr/bin/emacs
4e13f25faa5ebea86cd2db4afb4d1b89fd4f6247  /usr/bin/emacs-undumped
f5177bd51c09a91b9d2d10363e78a741b93eaebd  /usr/bin/emacsclient
de7f06db01879fc64e2d7ce07ff47d3d55f36a34  /usr/bin/enc2xs5.18
fbdabd6b5ef0411ac40f39fa00dae44e9ec09bde  /usr/bin/enc2xs5.16
de7f06db01879fc64e2d7ce07ff47d3d55f36a34  /usr/bin/enc2xs5.18
2c3ed083caf09526bd1ffb146dc328db1e1ea63d  /usr/bin/encode_keychange
73685c844b49a419fe107f33f99c9cbab4a5cb4a  /usr/bin/env
4cfa5d50431b85ff195a4a92d4ba23ef0bcb363e  /usr/bin/eqn
2a8b02414c6c8194b7468d4515be43324bd23a9d  /usr/bin/eqn2graph
64dc9c4bb49d981d74a8900c1d1e5b25725c4406  /usr/bin/erb
05aacb36b3f9be685ec876e0a131c2732d532935  /usr/bin/errinfo
6ac76f9bce2b4b377fcff7d1a4d290ef0d41f967  /usr/bin/etags
f33da895d42b6c1717e526ec6412b777a9e5f707  /usr/bin/ex
434a96158cb7e85eece83e040274322a696fd0fb  /usr/bin/execsnoop
35fa9bebaaa50eb6921269abf30c9869fdc16a1a  /usr/bin/expand
69ce19f4b1d809de21c743d54b0714481209f9e1  /usr/bin/expect
35f129de4cbab5196f828e48531caf2a5faf752b  /usr/bin/extcheck
a1b53271ede25f6577e26a83c4f715052e1cf52d  /usr/bin/eyapp5.18
71a46d8ef2b94885efa075d1bf7197b75a445359  /usr/bin/eyapp5.16
a1b53271ede25f6577e26a83c4f715052e1cf52d  /usr/bin/eyapp5.18
bc9a96deacf5b4ecd8b417291e5ac8a443195ad8  /usr/bin/false
078bff9b3ba671df793615ff86c0690c612f619b  /usr/bin/fax
a470d07ae9b4d52f1c9fabeb356cbb951823f841  /usr/bin/fc
67323e1e1f6455c63c2f3ea893c27ea9b8efed62  /usr/bin/fddist
c6c837d9f23a44f4986915e9c3f2c1eb5e106a60  /usr/bin/fdesetup
a470d07ae9b4d52f1c9fabeb356cbb951823f841  /usr/bin/fg
d6b3853583a7dd19449275723b05b7a7e75d4529  /usr/bin/fgrep
bccc6f60b55b96c2276562eb6a2784e175e916e8  /usr/bin/file
0ab8f216b7742638f97aa3f2cf3989b83e1e96b4  /usr/bin/filebyproc.d
844ed8df214f7f75bfc032e996605cc2c2ba39ee  /usr/bin/filtercalltree
78c2832ac4c7cb8c62a6ab2e27bfc8eda75c3ca2  /usr/bin/find
be66294bc770d9f3bf762e120a844441d00c2609  /usr/bin/find2perl5.18
ff2d5f9b9ffe57dd98c7324306abe3babf7f773d  /usr/bin/find2perl5.16
be66294bc770d9f3bf762e120a844441d00c2609  /usr/bin/find2perl5.18
850aed8bca1e90a41765b5252b7ef095f73bc002  /usr/bin/findrule5.18
b2f14652876bfc9cd406bf52070e9d68f440a57d  /usr/bin/findrule5.16
850aed8bca1e90a41765b5252b7ef095f73bc002  /usr/bin/findrule5.18
5e88b4c770e892775144370906b52a51f6636880  /usr/bin/finger
2a924debfee1b99526050754225e98c51f31db43  /usr/bin/fixproc
150e4512794500fa24a2f365ff7a270d070cf134  /usr/bin/flex
b097b588d2f54a90250055ec8b70d799ea1b46fb  /usr/bin/flex++
f9451b79f1d02f45e964f4279817bb312d698527  /usr/bin/fmt
c442a13c27f77075defb125774ce73b86b456a0e  /usr/bin/fold
8f9fd4a3add070fc6a0a6ac41405f757a8db4b46  /usr/bin/fontrestore
0fc62a68a4c13a1534285d0cd687b86ab8bfecfc  /usr/bin/footprint
e39cfa08146ad925c4e917b98d7f66da45bddfeb  /usr/bin/footprint_new
64f8e760eaec3ba66a82300da6bfee9eaad658cc  /usr/bin/formail
9ed70a5eae68950e08c2f71102856d180be9466d  /usr/bin/format-sql5.18
9a1495e640468c1eaa7625845ecfdb89a79c9e54  /usr/bin/format-sql5.16
9ed70a5eae68950e08c2f71102856d180be9466d  /usr/bin/format-sql5.18
13dfe0f0604b279f12f8361801a3dda3a52a8b96  /usr/bin/from
f0f30758d1930c73141f409ada4ce07647e59e94  /usr/bin/fs_usage
d8bbd03e1d8471a7273df01e460669811f6d6374  /usr/bin/ftp
fc8eeb55050d722728bce8528d4b21acfd77a77f  /usr/bin/funzip
111a3bc20a13684212c5664f34019544b9035ba1  /usr/bin/fuser
6454df9113757a98757f04a4ba6151400e227522  /usr/bin/fwkdp
84995d5d829b0bc3c97ee18dfd641a01f1014abe  /usr/bin/fwkpfv
463277726eae175ee71f3afc6df988e74c01bb2a  /usr/bin/g++
2cfaf3b2c1e6688f519c267db0134a2456f46df9  /usr/bin/gatherheaderdoc
83d1e2352547cc25d6db409741c6c4beb77292d0  /usr/bin/gcc
8175ed6a8e0b53897684b16f9513756f3dc88c16  /usr/bin/gcov
3fdcb901133a2b85f0d0d2a9fd7fb3ea769520f7  /usr/bin/gdiffmk
e524375ca135947f06e6ca0dd5fb57a4cd0b2e34  /usr/bin/gem
7844cbc8d5399fa9af7b97aa325bf9561c36e9b6  /usr/bin/gen_bridge_metadata
debd12b41c3d577001672e7e10d2c9fe9ef059a9  /usr/bin/gencat
88f3a3d76ae89b7672fd218be7a9c3d38df5ed90  /usr/bin/genstrings
0ecf30613960b5972b8c215915e7013bbceb6763  /usr/bin/getconf
e16dd45b809a9e9b8e0b23de6a2b524d1dc283b0  /usr/bin/getopt
a470d07ae9b4d52f1c9fabeb356cbb951823f841  /usr/bin/getopts
75cf7109445dc4c7b6d27e0f693f0662984f1e65  /usr/bin/git
430e80c98c1c5932f784c3b733f100e2a60883ac  /usr/bin/git-cvsserver
bb8d76766246b9324a1c596a2b3402298fb5bbb7  /usr/bin/git-receive-pack
cf2bcf71fc444d1112a06e8813e4ac3253901bd8  /usr/bin/git-shell
7a9e67f4b857eeb7d60e0e7bf5a45dc3986cff5d  /usr/bin/git-upload-archive
03c6a851a770c8bd321503c2e163f5f4fb808abd  /usr/bin/git-upload-pack
c574b0642d5a7872ca0001cdadd3e2aa2bc53184  /usr/bin/gm4
3ea8e7c1ed98bb75f7435f0c70c8f28222709a4f  /usr/bin/gnuattach
adfd29127b5867f3c8d6e0263ae1cd7b6daad4a3  /usr/bin/gnuclient
8acbf3b20fb674f362fe1830834084902069efd3  /usr/bin/gnudoit
71dcc15de8e47ae94293c61a4cbc61ce3f4c3c6e  /usr/bin/gnumake
14206efb250dc6d602af44ff94803156e539d65b  /usr/bin/gnuserv
9294d43a65b467f7cf5e56acdc09b4e566488bcb  /usr/bin/gperf
6f3b06355eee41cebaa7ce5ba8d2731c1597f09a  /usr/bin/grap2graph
d6b3853583a7dd19449275723b05b7a7e75d4529  /usr/bin/grep
6baf693d8032a07bdd56f9bb024eeefff6da4492  /usr/bin/grn
a2f9f2ca46c5b6f5514768ad3068225330770389  /usr/bin/grodvi
af869d4a44169f543dcf3e73c97e7e51bf6eabc6  /usr/bin/groff
6032109672f660a672e734def6aa053de2d5406b  /usr/bin/groffer
bbf046bdc48e815a9a6c7f8bf488e0eb74221261  /usr/bin/grog
8588f7150b7d94ba0fd99bcaccafeb645358ceb9  /usr/bin/grolbp
01016d7a009710cae0ba2f8f1fe29f4f171bb5c7  /usr/bin/grolj4
b03ec243676b85f6863d0f4b553b4a1aaaedd18e  /usr/bin/grops
ea50ee5bd1e9e77ea366f8c08d316e48daf9cdbc  /usr/bin/grotty
5e1d22b13f6afd6fa788a11ce3e8dbe204d0115a  /usr/bin/groups
328ca9b7c178ce38ab8b5d28d858b25daa026d46  /usr/bin/gunzip
328ca9b7c178ce38ab8b5d28d858b25daa026d46  /usr/bin/gzcat
af9fe50705159661a1cd1e02d5089f705999fceb  /usr/bin/gzexe
67f1dfffa1a13da0a5545face767e5e3982d9941  /usr/bin/gzip
6d1b17cb36ab8300a175fd1631282a7e65acc4d4  /usr/bin/h2ph5.18
674a2da5fc5662f3a9d63575c58f7617faadefeb  /usr/bin/h2ph5.16
6d1b17cb36ab8300a175fd1631282a7e65acc4d4  /usr/bin/h2ph5.18
98bff67ba3774b6aec7417e11a83fb22c9b5e994  /usr/bin/h2xs5.18
4e0e281e5f7b13ff38a37db2110c9d7d80058626  /usr/bin/h2xs5.16
98bff67ba3774b6aec7417e11a83fb22c9b5e994  /usr/bin/h2xs5.18
a470d07ae9b4d52f1c9fabeb356cbb951823f841  /usr/bin/hash
b671841f7a986864e5b56cf2bb285bf00c8e3bca  /usr/bin/hdid
4c69de7e8cf4572a396550262a89cb866a69d94f  /usr/bin/hdiutil
98bf02a3b918c47e0aa34836a3eb7896a913aae0  /usr/bin/hdxml2manxml
1224dfa554765a817ab02a03d36ac391b5bd2431  /usr/bin/head
6db4e4f4fca9100627d044d05b39eb354e52eae4  /usr/bin/headerdoc2html
6fec4bf9451d03f896a50f3f0c72215326f9bc55  /usr/bin/heap
7b9c6a76d6e0f9452e89204846b3c91f6f62e8e5  /usr/bin/hexdump
2cf85040dc31d449b2a6b4768a0fa6d2689af4c3  /usr/bin/hiutil
e4a1faf277e0cd87a21edba060cc6c8498616393  /usr/bin/host
836abd6725f1555a3d3279bea1a587b99e698726  /usr/bin/hostinfo
3c00af98a66253d5d8a8735a646d35aefc559bcb  /usr/bin/hotspot.d
1fe31435e1b0e77cd5da8f5bce6ebd55df3ef108  /usr/bin/hpftodit
9ee955c6a473378098eea730e0ac388b9e7590fd  /usr/bin/htmltree5.18
55f17edcee5ed2c93d465dbb9e4834f7a5586b98  /usr/bin/htmltree5.16
9ee955c6a473378098eea730e0ac388b9e7590fd  /usr/bin/htmltree5.18
2ca0288c2469cc32e904eaa3702977ad21664a68  /usr/bin/httpdstat.d
559c2ca566cb34aaaf779832fd6a52994fc939ab  /usr/bin/ibtool
2bc0b781374a0d76db320792a74acb5222b41689  /usr/bin/iconutil
b4eb273d291ee488934121f14deba882bc42c973  /usr/bin/iconv
e9b2244f8ff5d3da6470ee446baf29c2f550b687  /usr/bin/ictool
5e1d22b13f6afd6fa788a11ce3e8dbe204d0115a  /usr/bin/id
be8c382abb0049b515105c1e5e30401ae7521ec3  /usr/bin/idle
f09e65b00bd8fc36eeeb8deb5e46afe1673326fb  /usr/bin/idlj
056ddc89b21217abef24bc5558a285a1f8621f91  /usr/bin/imptrace
c5da8d93460b8cf93502fb8718b482df10ab84e8  /usr/bin/indent
3dfc4898a83293947270623be7a25387c4d2d6f4  /usr/bin/indxbib
90b435173b78873403db893423d4b4e5e1c48260  /usr/bin/info
e44fa9885c52828b07ee071deb106be7a44c3020  /usr/bin/infocmp
cde91efd1dba76932a7060fff809940282a8bd46  /usr/bin/infokey
51f915075d0ec239fc420ec799e4ac1fbbfa8822  /usr/bin/infotocap
b2844103ac0afb522419c098c42cd2ce2137e5f6  /usr/bin/install
9fc5ae17e96f76e28d61796084a067a708a878af  /usr/bin/install-info
04cd7db2727955f79a22277e9d89f3e8de00858d  /usr/bin/install_name_tool
d50611358a6c6c69665ce984047563ff99f26f80  /usr/bin/instmodsh5.18
88eab6624ccb2d70b703b3735b1c002db8d5f3b0  /usr/bin/instmodsh5.16
d50611358a6c6c69665ce984047563ff99f26f80  /usr/bin/instmodsh5.18
9db16a425207f24ab71c7fb23197143b2537d511  /usr/bin/instruments
2c21bf56a43d9accce6ed8c3879718ad250ec0cf  /usr/bin/iofile.d
e4c484dff1931699a27481b907955a594c6d5a8d  /usr/bin/iofileb.d
1fad3872ccc441370ce1851ce6946017b3fb4c33  /usr/bin/iopattern
4a117329f8848f4e0131672fb6ccb208d364d4f2  /usr/bin/iopending
0f452971bd1143c6d9bdebcd5ca43ba40e1b4b65  /usr/bin/iosnoop
6ab2620e6e4005144371e5058261cba3b443c040  /usr/bin/iotop
8e398510606d10d79546e3bf34eb87486b88c769  /usr/bin/ip2cc5.18
8580f71c8b88fff9fc12ed17edfa652097017837  /usr/bin/ip2cc5.16
8e398510606d10d79546e3bf34eb87486b88c769  /usr/bin/ip2cc5.18
292ebdebd8442ee2cb42ba7a356e246910d4d917  /usr/bin/ipcount5.18
4b4272f11b15d29874d06552198a3c7d92a6e61b  /usr/bin/ipcount5.16
292ebdebd8442ee2cb42ba7a356e246910d4d917  /usr/bin/ipcount5.18
22d7d27932ea33b056336b74fb32cd8b722c202f  /usr/bin/ipcrm
6c2a55622306df76ea5916aa7c88e70df69a55d1  /usr/bin/ipmitool
3b2efaf3b7fa4991585f36e0db8da6fdc95b9781  /usr/bin/ippfind
ccfcc0452510ebb892e924cbf876b23aa5833323  /usr/bin/ipptool
1290a2faec5cbecdfea89ecfd3b5420413339b9c  /usr/bin/iprofiler
ff8b22b00b5f70abaa57aa8e0742065073afe42b  /usr/bin/iptab5.18
c1b4034b4e3ba8f9fee328e615997b2be5607a40  /usr/bin/iptab5.16
ff8b22b00b5f70abaa57aa8e0742065073afe42b  /usr/bin/iptab5.18
419b7c89e0f81462ff6e2df609c04a6e0e5283b8  /usr/bin/irb
5578f7476ec6fba89b0957ab28ce080b4c579304  /usr/bin/jar
1de69ea9c26a43d45c0ba0249c9aa21663ffa3a0  /usr/bin/jarsigner
5956bb7c447b0ecba0c0a16d2b0b7370d2d63722  /usr/bin/java
bfc367e29c1596ff7619c79b4cc6fc5343420973  /usr/bin/javac
448f02413a45f91c735f48cb0c2538040e2f05f0  /usr/bin/javadoc
5ec217c65c2bc86b70d5b5ac0ae596d2f51f0ac5  /usr/bin/javah
92db19d3968cf778c6672615b965bb6e4f3847f3  /usr/bin/javap
c143c953ad66657230312f8559248374f81dcace  /usr/bin/javaws
5d5f18e592a207d248ed576574fcea52e06b8fb5  /usr/bin/jcmd
9c54ed2c15b291a9015108fa4586ecec9fe031e0  /usr/bin/jconsole
c2163c56b4782916708da28c11c1fa91845ab46e  /usr/bin/jdb
19be3d01c252340f61b800fec91d52990f5ac104  /usr/bin/jhat
cc5d9bfe745758b266451a5fb1dbc8f2db12a707  /usr/bin/jinfo
54ed29696482ca4fd7e062ab47e4c51a8f1ee14e  /usr/bin/jmap
ba29a1627dd3d8afe02110cd58927dfc987237dd  /usr/bin/jmc
a470d07ae9b4d52f1c9fabeb356cbb951823f841  /usr/bin/jobs
c29e5ef6aac10f2667317ffae4b2b31af30f238c  /usr/bin/join
bce72d85b631053013d2a9e0d019b8c10e51e2d6  /usr/bin/jot
76bffcf04984da9c03b16281906735278f3ee4f9  /usr/bin/jps
8eb2c23f450b66003c7238c2f2b06a907053988e  /usr/bin/jrunscript
4ac480a04bfe12ad57fbd5aa9b92f5978a47e542  /usr/bin/jsadebugd
b80989771fdabf223f19117d2e3307b0fda0297c  /usr/bin/json_pp5.18
92dc156d5a6c362dbabcdee2ffa0042f75186ae0  /usr/bin/json_pp5.16
b80989771fdabf223f19117d2e3307b0fda0297c  /usr/bin/json_pp5.18
fae058295b4a46dd9a33d815abea1f5e93bdd4bb  /usr/bin/jstack
d8166c26c11b9c905bd968555592e614ac29fc02  /usr/bin/jstat
86e211f5bc5b8427869e499a0c2dca9e71728b10  /usr/bin/jstatd
a803b4cf8817c59360aac1b1fe04b4bdfb8abbd3  /usr/bin/jvisualvm
68230bce0ea5dea2b7dacb6228cbca594e6f8fab  /usr/bin/kcc
3b95a974ff1fba6c0626d291010327609de63124  /usr/bin/kdestroy
ce0b3bec624c043bc0e222d73cda37d5cc644694  /usr/bin/kextutil
c5016b0339d20085e78cd535d09ef910c40f68f4  /usr/bin/keytool
a9c225bd9e89ea31906e3b4c29b3f9e97f1bd5bc  /usr/bin/kgetcred
fed0008f9b699cd132ac36ba6080e752c7ee68e0  /usr/bin/kill.d
dd98e2f5f80d0f4223523d0297b378cb2ae161a1  /usr/bin/killall
17abc02fe2afce6095ca6ee516108f49abaece8f  /usr/bin/kinit
68230bce0ea5dea2b7dacb6228cbca594e6f8fab  /usr/bin/klist
fdae70757be3a7aaad41c654d128e87b30f5b1c0  /usr/bin/kpasswd
063111bd483710a6a943a10eda7e7def410523ec  /usr/bin/krb5-config
68230bce0ea5dea2b7dacb6228cbca594e6f8fab  /usr/bin/kswitch
81f3b0bc21258035e9057966e9dee67c48fd4fdc  /usr/bin/lam
c7bcb5e1bd230a4b7ffccc381228a721364fa23c  /usr/bin/last
8c3032037ac00832b37b849cc720e9ff44ebbd3d  /usr/bin/lastcomm
d54a145a16c7c1cbcc91a2c868bd306bb4a85d57  /usr/bin/lastwords
4d758ca3c88e1702e859a4a6377d318bdf20f7ef  /usr/bin/latency
327ebc9784a876a46fc5b18364f1928c25e77abf  /usr/bin/ld
83507a77dffa35c1bf74117651aef0178a769324  /usr/bin/ldapadd
714c7ab1c8c371c49d1b1b2626a49b94b41971a9  /usr/bin/ldapcompare
f75e14ebb46edb2e896ce9659432c2cf8c8f8992  /usr/bin/ldapdelete
22335ca9b56650926f30a1ca7961dfeb1f625a51  /usr/bin/ldapexop
83507a77dffa35c1bf74117651aef0178a769324  /usr/bin/ldapmodify
8815b771502c640902648188c571e41df0c203d2  /usr/bin/ldapmodrdn
f42d74264b8bb904df44219533fd01db1b58f0f2  /usr/bin/ldappasswd
163a068093068396b7bab19b0cae532c4834f307  /usr/bin/ldapsearch
48a2e4fd3917b464fa14f70d4564a2fc29deede9  /usr/bin/ldapurl
d0e0c9bf367f23b7f108747c4fa1a19439583134  /usr/bin/ldapwhoami
2d3d5d05c154526ba451c2bbf2efd7433e9669c0  /usr/bin/leaks
bd65838d34fd3d091b3a1fa3ed0be8aafeea7f8e  /usr/bin/leave
c2fa2ed28aad93ff0ce16df2ee79d67e91f9ddbc  /usr/bin/less
f7f8ff809c0f076f1b1ded0fe1a97afd39a12f7d  /usr/bin/lessecho
418ce2d11e3fd4c3934c495007dc9b6fd76ea616  /usr/bin/lex
958f6f77c7f12779ee685ccce2d4e46b5c4aa468  /usr/bin/libnetcfg5.18
b2646769b966bd17a7e95526df09f8ec2e5f7df9  /usr/bin/libnetcfg5.16
958f6f77c7f12779ee685ccce2d4e46b5c4aa468  /usr/bin/libnetcfg5.18
39bbaf89baef3f2584f8434541a1b754c2b25371  /usr/bin/libtool
4ab955895edce607acce192d0b843d5a1bc93ee3  /usr/bin/lipo
e22e47719bf075897c565df04441266e202114d0  /usr/bin/lkbib
068f42b904fe2eeeccdd5be36b3722c2b4eecec7  /usr/bin/lldb
263ccef2b52212f42c907234d0455667ef304d16  /usr/bin/llvm-g++
2392d0260db084e41078ebbb0791a3fa829dc689  /usr/bin/llvm-gcc
ffb8ba95affcb214e84cfe075be306befccdcfc4  /usr/bin/loads.d
add48c42883b788336511029ae0f175845d7b78e  /usr/bin/locale
04d4ac52b2e0d14924129b05ccdc3cef14b6b8d8  /usr/bin/localedef
e7ebfae6d2af0d3c992b0377bc52c571bbc4c546  /usr/bin/locate
00b30bc728f58ab6d6dfbb26ef040b7879214d2d  /usr/bin/lockfile
2513ec7ba9fd371a33aaccfc992dc335a7e7e666  /usr/bin/lockstat
8431585e0400710ead2a259e9793c0a2b643c35c  /usr/bin/logger
276847aa09853b37562d3ffaa7328bf66c9b280e  /usr/bin/login
17036d9d0aa59eadaf0a75b7eb4ce0b6342af2e3  /usr/bin/logname
cc82b5db2681dcae40862616ffdabf9c25e05ed2  /usr/bin/look
a1a8d0f577a15e6e4b36fef4ecea8413a8f6bf9d  /usr/bin/lookbib
ec4f847dcb126071426cabe1f2bcf5df7e38a6ce  /usr/bin/lorder
3c36eb5171ec4a06d42b074981b64a92fe05afbd  /usr/bin/lp
37c626e378e59df284824e67f5d89932e48f77aa  /usr/bin/lpoptions
f3109940c66d5c996679f472d6f48c0efe3545cf  /usr/bin/lpq
9afbd69f19daeb95758416011cac502ddb949d19  /usr/bin/lpr
e40b8de24fd57966e48904ca059056b2dd5941fa  /usr/bin/lprm
58bd7c4d9ca3fb0c1646bd6a9967f7b4ac8cf534  /usr/bin/lpstat
f399bfc4f6c82091d3a2f6ad62c6366725c10aed  /usr/bin/lsappinfo
d94769055166d705d8e58976703bca4371918ab0  /usr/bin/lsbom
4f409b0e80cd8872ceba4e149e87a7680947782c  /usr/bin/lsm
b27ae41480265911c1cb59f2712ef87880362e45  /usr/bin/lsmp
dd5ad1934ace5d4a4997bba40b415f4dd398a196  /usr/bin/lsvfs
0308a533692e8b9e5432af007e331fd77efa7b15  /usr/bin/lwp-download5.18
06b4c3b3368b08586944c25a7c316c57e1dcbea0  /usr/bin/lwp-download5.16
0308a533692e8b9e5432af007e331fd77efa7b15  /usr/bin/lwp-download5.18
ce7ad47b4a3595e7ab4da0f6aa68d70d1a455a2f  /usr/bin/lwp-dump5.18
de608c51417fc90d5404efcdc409b6bce2e11905  /usr/bin/lwp-dump5.16
ce7ad47b4a3595e7ab4da0f6aa68d70d1a455a2f  /usr/bin/lwp-dump5.18
2a2ef11c8b7db119b37dcfdb8c4c230e96c8dbe0  /usr/bin/lwp-mirror5.18
8ac920dfe7cc8e6b78f1239cc099381cea3c1097  /usr/bin/lwp-mirror5.16
2a2ef11c8b7db119b37dcfdb8c4c230e96c8dbe0  /usr/bin/lwp-mirror5.18
23d7cbd0a57885346cf1b939aae01ecdef6a80c1  /usr/bin/lwp-request5.18
2171f84bdf9ed74c1ba716daeecad842821eee76  /usr/bin/lwp-request5.16
23d7cbd0a57885346cf1b939aae01ecdef6a80c1  /usr/bin/lwp-request5.18
4d616affb7948f1517c5c7c95aadc6f951895342  /usr/bin/m4
b92cb8903c8211d84b82cd927956225cbaff421b  /usr/bin/macbinary
0ca3023f66f282bf652bc8d7e091e5c2762c37fc  /usr/bin/macerror5.18
fc713719ef799dde31b0df6b6423a7d31f2a2fb3  /usr/bin/macerror5.16
0ca3023f66f282bf652bc8d7e091e5c2762c37fc  /usr/bin/macerror5.18
658e6e215e8aba211a1bae227db790931fcb6ea7  /usr/bin/machine
9edb8c4236d593a0e22c5589410fc2496db7cdf6  /usr/bin/mail
59470ea5ca76eb5ed168b18d47add73878fa4870  /usr/bin/mailq
8f1f9d8c86b28ba0ac0aee185a5b903ad51bae8a  /usr/bin/mailstat
9edb8c4236d593a0e22c5589410fc2496db7cdf6  /usr/bin/mailx
c7d93dc74956179709aa948e7e82753b50560f1b  /usr/bin/make
5150decb6666982323324d2ed092180968fa495e  /usr/bin/makeinfo
46e64624a000011202711dbe3d3f320aa8820f90  /usr/bin/malloc_history
07c10ab617c6ba8da400cd0b10ad92d88c807c79  /usr/bin/man
07c10ab617c6ba8da400cd0b10ad92d88c807c79  /usr/bin/manpath
db1c628f1014534b5aa628bc63f8283cfdb66130  /usr/bin/mcxquery
88a7dbf9e181f92f21118d9e2bb7886d903d6093  /usr/bin/mcxrefresh
23c500ca93ee546d636510ef93b5916acbc409d9  /usr/bin/mddiagnose
70d52ff9313b57684f5d960ba0b0116576d4b24b  /usr/bin/mdfind
f045fa9e6d492287a3222c5635051405bb9df669  /usr/bin/mdimport
58b5750187087006ff3c320f32c7d6f69bf2ed47  /usr/bin/mdimport32
6a0609a59754e49f5e4c45a043964a4766d285d1  /usr/bin/mdls
48bd966a1ed2a00087390c6620576f590e8f76b4  /usr/bin/mdutil
b7e10568bc7f69137ac633ffb7f0cb031e6d5a96  /usr/bin/memory_pressure
df3081c6a98acd878f39eb60d73b2c1927179991  /usr/bin/mesg
36f4aa50438858590058c4790b73c54d40fde63c  /usr/bin/mib2c
4f286934225e6502ee3c4ef71060c933e38d3e4e  /usr/bin/mib2c-update
4217d820d52968925a9b10c570f61f3a084836a7  /usr/bin/mig
cfd6450efbb4fbb97db5c50dafb8648fd2cd57dc  /usr/bin/mkbom
19d22a888fe79b9e88217ca16fc8849d797b0d36  /usr/bin/mkdep
525c19acb8ab958d0fcfb9ecde928229f6499725  /usr/bin/mkfifo
742c15930ba904250014974a9817ec7b14dd0893  /usr/bin/mklocale
100fdf9a7eb741e5118d0b5547388d4767955463  /usr/bin/mktemp
953a8a3b37bc3653b43be161b98c72c416b48708  /usr/bin/mmroff
7e5e455593885f8746101d2f628e9d72c889449b  /usr/bin/mnthome
eb95065a473592fedaf3b1742e4b8d6fc23a98cc  /usr/bin/moo-outdated5.18
eb95065a473592fedaf3b1742e4b8d6fc23a98cc  /usr/bin/moo-outdated5.18
df56f7d508844db159ec55b1200820d64f5ad1f6  /usr/bin/moose-outdated5.18
afa5dbbe8a703570b79b1c634d3a92b3163c5b8d  /usr/bin/moose-outdated5.16
df56f7d508844db159ec55b1200820d64f5ad1f6  /usr/bin/moose-outdated5.18
c2fa2ed28aad93ff0ce16df2ee79d67e91f9ddbc  /usr/bin/more
b39f505ff4b665a2400720ccd6bc4c002a377fdb  /usr/bin/msgs
47a5f8ef48ac8bd6287c8cfa7a8d5f0a124ecce1  /usr/bin/nano
0771a0146eac7719fe3282c18a075b65dc433c54  /usr/bin/nasm
a8f1513832c33c657c9759380579f43cc4b678ab  /usr/bin/native2ascii
18b5e9d81a93fdfab8df549158ab82d397833c79  /usr/bin/nbdst
62a4bf483e8d121d73e7e79de9b8ce30ab6205a7  /usr/bin/nc
16177b18a4b7b6f04f1acb14805e50a6b2f531a7  /usr/bin/ncal
3dcb3a9d156411d5cba4832dc3cc10cb1f5978c8  /usr/bin/ncdestroy
7d93116735639a05731bcee65ea1174b2ed99291  /usr/bin/ncurses5.4-config
cd39b1577b9b6d05de9f70ce211c1c44c19e1756  /usr/bin/ndisasm
f3a0b3bca312bf5d9254c774473af22d146aaec1  /usr/bin/neqn
25535982e45c718d4eeae76037abffe7ed0a54d5  /usr/bin/net-server5.18
f220b702faba605dff1f4cfbe7bebaad96aef7a9  /usr/bin/net-server5.16
25535982e45c718d4eeae76037abffe7ed0a54d5  /usr/bin/net-server5.18
ec5b06ed6050aa671c5294ca5215b920f2b1b88b  /usr/bin/net-snmp-cert
f48efb268274a11b9a29c77101bc3890b6cb8834  /usr/bin/net-snmp-config
a91904621369038f003ba65ebf1af5d10a5040b2  /usr/bin/net-snmp-create-v3-user
2446f46b6a96e3f04753d32cb5b418f2fa771831  /usr/bin/nettop
59470ea5ca76eb5ed168b18d47add73878fa4870  /usr/bin/newaliases
943a84429afbc6283aeb1c0e1cb2eeb3ff94eb51  /usr/bin/newgrp
4c4b283feb3ce1e7d17e6844989d378355992cc1  /usr/bin/newproc.d
b825e2283bb76e55460f0d8597e3da95764e6d34  /usr/bin/nfsstat
ec282b55de4a76fec95c11aa59defecdfcfeffda  /usr/bin/nice
2af834c78876962b367b009807b4b85a2c63b0b6  /usr/bin/nl
5c2e6eb92c511897d3850390eea4853922f6a6bc  /usr/bin/nm
fd2363f77aeb7cce4e1f0636e2a80898cf4d57d1  /usr/bin/nmedit
4208075246a1ede803283c0be6e231e2df6ef2eb  /usr/bin/nohup
99a80452a2e78833b48c59f889e45273e611b686  /usr/bin/notifyutil
12d50602781328a999f532f19531534d8536aabe  /usr/bin/nroff
f7a3faa5dba4ec28216473098cd17c76455ec789  /usr/bin/nslookup
3da04abbc54165ecf62ddc9cedf6053da8816af6  /usr/bin/nsupdate
bb7e097b3ecfc8ce95b28069427db78781bc862f  /usr/bin/ntp-keygen
6526d5aaa08d5f65bc8d2f322eafa0007c491cec  /usr/bin/ntpq
7b9c6a76d6e0f9452e89204846b3c91f6f62e8e5  /usr/bin/od
44bcbd5d5f8d9c8d253bcdea521376b836e96833  /usr/bin/odutil
6c24e43b2236ed8822e687ff03e14782dc995f00  /usr/bin/open
dcaefc5c163c52ec3090b1b48716b013408e4c6e  /usr/bin/opendiff
034278ece9df9eb0e2b6f43ffe6e262de1fae76a  /usr/bin/opensnoop
b55fd7c0d18f0c166a0c212cdd5b5bbc122697a0  /usr/bin/openssl
84f20f13a903ce311bbe44c87c66c2eeca58437f  /usr/bin/orbd
c37791d2f6f0b2b7b2ba410d68fc9151ecac69f4  /usr/bin/osacompile
95c60108e05d6b78bdf7a883a7f77394b831c9e0  /usr/bin/osadecompile
cf67e3e932cd2a8d6f42fc6d78628004ccc19ec1  /usr/bin/osalang
7986756e123649aa3a5661061a15da04d0ed58ab  /usr/bin/osascript
63794d67daaf5a958cb4bf81db3fe4c336400862  /usr/bin/ostraceutil
ad3452a8f840d53984d2e82a954e25b96e6d9864  /usr/bin/otool
d43dd9aeeaa0017bc40569dc346434e195cb0e48  /usr/bin/pack200
26634e3655577f587de0ed2c5e7e7b10c020ef97  /usr/bin/package-stash-conflicts5.18
ce1a27dd96c35a706721cae020c5f4e043e457c2  /usr/bin/package-stash-conflicts5.16
26634e3655577f587de0ed2c5e7e7b10c020ef97  /usr/bin/package-stash-conflicts5.18
a677d23a4e2ee07b92c7873a4c5abcf2122fbf00  /usr/bin/pagesize
00ac8977eea36882f87333631153fa2d6205317a  /usr/bin/pagestuff
bf228b13e7611797d3369b2bff8edae5c0d069f9  /usr/bin/par5.18.pl
1e89fc196e889973a42afc22be820d894c0152c0  /usr/bin/par5.16.pl
bf228b13e7611797d3369b2bff8edae5c0d069f9  /usr/bin/par5.18.pl
cfeb940841df321bbd34e073a17d89d36a011901  /usr/bin/parl5.18
341ed826807a5c1a671b04ed59bfd78c0b1a0293  /usr/bin/parl5.16
cfeb940841df321bbd34e073a17d89d36a011901  /usr/bin/parl5.18
27e86846bde7f8e37a06bf0b782eb83fd23e05e5  /usr/bin/parldyn5.18
ab5d1351faa674befe6b12d180d9d12ca5d17d31  /usr/bin/parldyn5.16
27e86846bde7f8e37a06bf0b782eb83fd23e05e5  /usr/bin/parldyn5.18
001ea268163332c4a73d1b4b83e02d19c38ae3d4  /usr/bin/passwd
e590d3626914158676f6a3e07338eba34c062084  /usr/bin/paste
339df62afe4d8b3f108f331fba5b9e62656c3914  /usr/bin/patch
61638d14d99f3d55c555c353e13005f89bd2d7b9  /usr/bin/pathchk
7069a10df97307ef2dcc842503b8abb28ccedc21  /usr/bin/pathopens.d
9caa0450a52411be2f137e4378a7ccaef6cdff97  /usr/bin/pbcopy
51f19dd11117f9caf4be8ddb5cc5197ac423421f  /usr/bin/pbpaste
80c4630840100ba6f19e773c65b7dd25d33c15b7  /usr/bin/pcap-config
f23f446621c60e6f0b25d675a74bb560b0146c1e  /usr/bin/pcsctest
647cf3f1fe5235ad6beedb1c0d96eb3fe0e6eb1f  /usr/bin/perfdiagnose
683e4105f7a10f4041baa3b5615e4fac122220fb  /usr/bin/perl5.18
58b629989925a643399b72edaa9c6311010c7148  /usr/bin/perl5.16
683e4105f7a10f4041baa3b5615e4fac122220fb  /usr/bin/perl5.18
be475c70ed779406f20aa49fe7530796871287e8  /usr/bin/perlbug5.18
759747c99629bcc944716578a2bf987a10931933  /usr/bin/perlbug5.16
be475c70ed779406f20aa49fe7530796871287e8  /usr/bin/perlbug5.18
30aca7b4e922393ad4a9e30f1f3b8914ab3b270f  /usr/bin/perldoc5.18
c95e560f0988932d298b0a77c4dd675982252c0d  /usr/bin/perldoc5.16
30aca7b4e922393ad4a9e30f1f3b8914ab3b270f  /usr/bin/perldoc5.18
2fda6282e06fdabce4aa957ca1b6acb78fd613c9  /usr/bin/perlivp5.18
5765e292c07559be5ae3bcad73d10ed479fe076a  /usr/bin/perlivp5.16
2fda6282e06fdabce4aa957ca1b6acb78fd613c9  /usr/bin/perlivp5.18
be475c70ed779406f20aa49fe7530796871287e8  /usr/bin/perlthanks5.18
759747c99629bcc944716578a2bf987a10931933  /usr/bin/perlthanks5.16
be475c70ed779406f20aa49fe7530796871287e8  /usr/bin/perlthanks5.18
5e2e4986d324f5dde5abb49df2f7b7f059164af5  /usr/bin/pfbtops
50776731734a41d4fd7678bdd444d948e4918b21  /usr/bin/pgrep
a20b751bafa3374ae935c3907deb17b93989ebca  /usr/bin/phar
a20b751bafa3374ae935c3907deb17b93989ebca  /usr/bin/phar.phar
c115367e7ce5b923012314ad98eca85ce345fb76  /usr/bin/php
c5c8f2c5d1998329e7a8af424a02948416a55f01  /usr/bin/php-config
5f3daac114161be850174328a59051d7e07893b2  /usr/bin/phpize
3d11ed05007295bd679afe95834b5979b590ae8b  /usr/bin/pic
68376b56f157d1638e18ac6acab82e00ac220698  /usr/bin/pic2graph
47a5f8ef48ac8bd6287c8cfa7a8d5f0a124ecce1  /usr/bin/pico
95981f166c768287057ed993e88c8dc2125c2039  /usr/bin/piconv5.18
7af0d3280dce350bec96c215367e15a18bf7aa32  /usr/bin/piconv5.16
95981f166c768287057ed993e88c8dc2125c2039  /usr/bin/piconv5.18
ce8fc71c00a65d170c1a6059c31b762176bb60f7  /usr/bin/pidpersec.d
5cc8bac819ba53fb25e2e984a24bfad74cfafcee  /usr/bin/pkgbuild
50776731734a41d4fd7678bdd444d948e4918b21  /usr/bin/pkill
885a6f0047e191b6aeb0c042ac92ff8489164a7f  /usr/bin/pl
77997c89dae9c63d6ac6f3a7e3e5aac85ec421b9  /usr/bin/pl2pm5.18
e94250dd88bbbf5f1b166d0578706dba1806c42e  /usr/bin/pl2pm5.16
77997c89dae9c63d6ac6f3a7e3e5aac85ec421b9  /usr/bin/pl2pm5.18
91cba549362c09a41d819d547226a0af500d4cb2  /usr/bin/plockstat
1c217bb5979d638ea3e72b97dd56c9361558458e  /usr/bin/pluginkit
b49f4271b4ccfc3fb0049ecb2cfdafbdea3dbaa8  /usr/bin/plutil
3e176aa187355a795910296cb2b710569bab3291  /usr/bin/pmset
1ebd51a76bad9d4473b3daed4cee0b48dc930101  /usr/bin/pod2html5.18
61500e9d6a327753962a6c7fdab18642f46f9a6e  /usr/bin/pod2html5.16
1ebd51a76bad9d4473b3daed4cee0b48dc930101  /usr/bin/pod2html5.18
f0a550b1f79b7f85379ab9a28f34f1b624470f76  /usr/bin/pod2latex5.18
7784145e8da56dc1906ba534f9faa288d5bc2417  /usr/bin/pod2latex5.16
f0a550b1f79b7f85379ab9a28f34f1b624470f76  /usr/bin/pod2latex5.18
f0d21c72f07aa9948f4fd69027198357dce7995f  /usr/bin/pod2man5.18
f2b96c5a828c3daf3e46f7608559a06aa710b3da  /usr/bin/pod2man5.16
f0d21c72f07aa9948f4fd69027198357dce7995f  /usr/bin/pod2man5.18
ba7a1c4517f9fe1f5203f869ae83ae26d7f02a6d  /usr/bin/pod2readme5.18
16baeb1912f1b379febf199a17230dfc750c107c  /usr/bin/pod2readme5.16
ba7a1c4517f9fe1f5203f869ae83ae26d7f02a6d  /usr/bin/pod2readme5.18
d16e985b760aa4cac8f2adedde7d4bf95f4db66a  /usr/bin/pod2text5.18
cd95e7f7b94cd79b1f599c4968701f417146f1b4  /usr/bin/pod2text5.16
d16e985b760aa4cac8f2adedde7d4bf95f4db66a  /usr/bin/pod2text5.18
01a1a4818bb2ed1bfc3ba475ea70ef84b1b76c76  /usr/bin/pod2usage5.18
69ed3cf68546131bde4acb98be331090ed8c4fc1  /usr/bin/pod2usage5.16
01a1a4818bb2ed1bfc3ba475ea70ef84b1b76c76  /usr/bin/pod2usage5.18
b1420845130b33806f5cb6e391396ec9116c88a1  /usr/bin/podchecker5.18
98a83a59fca0fa39fb8ed4e8552a357e2d3a9ce2  /usr/bin/podchecker5.16
b1420845130b33806f5cb6e391396ec9116c88a1  /usr/bin/podchecker5.18
96f4ee4df110e377b7529ba9ec65eb3ab78668b4  /usr/bin/podselect5.18
86de29514cae4b4c9335555a23d47f868c062231  /usr/bin/podselect5.16
96f4ee4df110e377b7529ba9ec65eb3ab78668b4  /usr/bin/podselect5.18
366bf9fb272f9c93ecfee6382724fb74dd0f39fd  /usr/bin/policytool
500fff8817b925961fd5263d38334b826fe16a13  /usr/bin/post-grohtml
4a5914af91664b98fc5631c3acffb4431d3aa7d2  /usr/bin/power_report.sh
16f50ff7b5d00bda4bd5bca5b93c0e4da453243f  /usr/bin/powermetrics
4a012d95a45293607092d0932ebc958c92459396  /usr/bin/pp5.18
4e0d23af0dae0695a113358c7dc37c6669c115d2  /usr/bin/pp5.16
4a012d95a45293607092d0932ebc958c92459396  /usr/bin/pp5.18
0d145c056fbf4403504b17bc9274402e2d13f5a9  /usr/bin/ppdc
a1fdd12a259707fe13591d3e62bcc4ed970eab3d  /usr/bin/ppdhtml
f4681bdd490926193b8ffaa336d0d37656a8ed8e  /usr/bin/ppdi
252b6e74a5ccbe9675bda95cc10f7debc15fbab3  /usr/bin/ppdmerge
c409a50b2eb7d4c32a004256770df370aa151bbd  /usr/bin/ppdpo
b513dc1c5487d055514ad2f217b713b9ea619d5b  /usr/bin/pr
f46efd7f67ddeba9f4e14b1f028bc4f6ab46af18  /usr/bin/pre-grohtml
c67e49d3e5fe3ddf5fd8da0d9917d3818a1ca457  /usr/bin/priclass.d
3e4658eaf65d0c95cb3e16c0f6152b253615de40  /usr/bin/pridist.d
690971d4f922cb5eb3125fd6a9e2f06fd5ebc0b4  /usr/bin/printenv
6327c2df5e639a07fa2abcda1c126c38890aea6a  /usr/bin/printf
575fda9cffea81298d1a6f7659e3b5db12092b03  /usr/bin/procmail
87b44bc590fceaa498a8a48f296800fec76a267a  /usr/bin/procsystime
74b1ddb6e3696b259f7b7e9871bd4e11f7d1ee89  /usr/bin/productbuild
83397c32c4bcf31135980743679f265c383f3cf8  /usr/bin/productsign
8179753feafffc66f68aa77acace90d09a231c8e  /usr/bin/profiles
6c56407ca73533aa9a7972717ebab05a739649e8  /usr/bin/prove5.18
df2b739c5dd3fb1c0efd60f0bb99c9aec50e0be6  /usr/bin/prove5.16
6c56407ca73533aa9a7972717ebab05a739649e8  /usr/bin/prove5.18
d6383e05c59438dfe1771b986590e0cdb628ed71  /usr/bin/psed5.18
6e9b93888a38bb2364fa3a6a96f682208053550d  /usr/bin/psed5.16
d6383e05c59438dfe1771b986590e0cdb628ed71  /usr/bin/psed5.18
8ff09b9abf91bdd38ba6c4648012e63b3026c3aa  /usr/bin/pstopdf
957ae839c2ea15e7205207b3dd674975fd0b14eb  /usr/bin/pstruct5.18
34c77b884a8e81a95d0db53619e8e8e64a699d6f  /usr/bin/pstruct5.16
957ae839c2ea15e7205207b3dd674975fd0b14eb  /usr/bin/pstruct5.18
22e1908270269eeb85816d5d082d22c051e0f05e  /usr/bin/ptar5.18
a64f4a21b9936cdb171d32b24c0cf5543a5a4dc9  /usr/bin/ptar5.16
22e1908270269eeb85816d5d082d22c051e0f05e  /usr/bin/ptar5.18
590ad5c7c49f24d6e9ab865620cd2e1ef577b3a1  /usr/bin/ptardiff5.18
ef02f6d8133b62a126e41bf47e2ade8acbd55c89  /usr/bin/ptardiff5.16
590ad5c7c49f24d6e9ab865620cd2e1ef577b3a1  /usr/bin/ptardiff5.18
392afe0c8ad935c437abf5e993f948faefac0a7b  /usr/bin/ptargrep5.18
3678450145b1b075e42b0c835862f4278f0b1333  /usr/bin/ptargrep5.16
392afe0c8ad935c437abf5e993f948faefac0a7b  /usr/bin/ptargrep5.18
f0d1082375c1e37d7c8e35f99d9db1d152de348f  /usr/bin/pubsub
db788527c7afe283f0ca8bc777c2b776d4a962a3  /usr/bin/pwhich5.18
eac8d8538da55c6ad11b91cba31440218c06f2f3  /usr/bin/pwhich5.16
db788527c7afe283f0ca8bc777c2b776d4a962a3  /usr/bin/pwhich5.18
936a92afb1a7c8e188262a2a914c8f3bf69a529b  /usr/bin/pwpolicy
46480e019321f49050bbc3c5d087b28d878b6048  /usr/bin/python
2b64e38adfd2bbf7a820180096bdce7598ce986f  /usr/bin/python2.6
785a6b8498f20fc348ca3fc8b48f05565b79bdd9  /usr/bin/python2.7
f6bf9f4fc0f47bedc2713f19ae26eff9955e0c26  /usr/bin/python2.7-config
46480e019321f49050bbc3c5d087b28d878b6048  /usr/bin/pythonw
75a20996c902a52497d2cf79c4e5d763298cd177  /usr/bin/pythonw2.6
640740dd2368e41e2910cce6e40098cca31a536f  /usr/bin/pythonw2.7
fbafb8c86ce88be7852cc00ca9b3ac4fe3af9cca  /usr/bin/qc2movie
ac65f92ca822536141226b4a0dc5e65368e3174b  /usr/bin/qlmanage
08904b487cf9d088f889e25191192de3d7a3e8b7  /usr/bin/qtdefaults
ab2eb3a92112409ff78c74c04cba2817a3874363  /usr/bin/qtmodernizer
4776e2dbb6c6b728692ce7decc3e0b0aa39df28b  /usr/bin/quota
55af44ca2a676fb39e4bf5e5323c9b17a525e860  /usr/bin/rails
9ee67dae5b3431191ecd7e6057aa98e3e6b7d553  /usr/bin/rake
20f2d1236645895df6e102a8354cb4a1fe5407aa  /usr/bin/ranlib
59fc9929f4a8f7607859bd7b790456bb360e11ac  /usr/bin/rdoc
a470d07ae9b4d52f1c9fabeb356cbb951823f841  /usr/bin/read
99cb6cf0377da3162109d9911a197449787af744  /usr/bin/readlink
5656082128c1d98559f051816cfed1464875bce4  /usr/bin/rebase
d7ff13d51e71e15e77a370b4675ba0709d6e4399  /usr/bin/redo_prebinding
385fab1bc78ef23cbf7f1f04c1b75a354a825ac6  /usr/bin/refer
e9edd396824af7324b842d0e90199f17f69b130d  /usr/bin/renice
b26db5001a8f4698a856405623561e6b134efeaf  /usr/bin/reset
c2450c5b84fd2b2bf93ca33c13de8ae67a8c8942  /usr/bin/resolveLinks
84dd5d31604a75a69fad0dff8201f0aa483b88bd  /usr/bin/rev
b3e6fb2628682bf3c8f11a8bf40e26345af716b3  /usr/bin/ri
2cf64e688024f968fd3ab21e2f25177783d910d0  /usr/bin/rlogin
b55abb4d2fa1f3e0477b4fca3b86a0b46926bdba  /usr/bin/rmic
a4fb91c25124818e36a4e35b26971aaebbee307f  /usr/bin/rmid
75d13f2e419fac0006deb141abf379efdf4b94bc  /usr/bin/rmiregistry
e0069b7b7f1871c6513e684023fa20fca62c1c0e  /usr/bin/rpcgen
96e80369b57fbaedaa6b649266fe82d2e626ae42  /usr/bin/rs
8d9c07686151c49033cfc4e8e6ee14b557d60013  /usr/bin/rsh
6b304225e2ab98f7792b9283008a9aa40ae2ad81  /usr/bin/rsync
e9dd52a77a6d510acd6a5f1ba33dd67e93e92268  /usr/bin/ruby
011689666bed1e3c94598e77b1001d76059aa2a5  /usr/bin/runocc.d
0a7cce0132075d90f27d48d9ec8790005abfa0a9  /usr/bin/ruptime
e93c644fc9b3871a6cd5eea9ada9122f455b5fa1  /usr/bin/rvictl
f33da895d42b6c1717e526ec6412b777a9e5f707  /usr/bin/rview
f33da895d42b6c1717e526ec6412b777a9e5f707  /usr/bin/rvim
3908da2b7b49cd86abf910017aefe5d88ee52da6  /usr/bin/rwbypid.d
b0b7c75b392ae84c0155f766765449f51c9e3749  /usr/bin/rwbytype.d
f1531aff855d15ff462b696b3b7c4fc7c6d969dc  /usr/bin/rwho
f6eec9d09ffa47a207667d8403726b9d9112926b  /usr/bin/rwsnoop
d6383e05c59438dfe1771b986590e0cdb628ed71  /usr/bin/s2p5.18
6e9b93888a38bb2364fa3a6a96f682208053550d  /usr/bin/s2p5.16
d6383e05c59438dfe1771b986590e0cdb628ed71  /usr/bin/s2p5.18
a2177fd9843ebe867b2a8ec24be0de69c165aa13  /usr/bin/safaridriver
8f0cdfe039224ace7f53704c6925cdd2bcfa3f31  /usr/bin/sample
972d219626fdd12c25dd1b1cdd098256df0fb9dc  /usr/bin/sampleproc
c9754828945c5b1aef25f664a9a6b0e0e9d6cdcf  /usr/bin/sandbox-exec
d73e5d457ea1b2f3c946d1d894a746ac5eb4d1ef  /usr/bin/sandbox-simplify
8a0d103c74f9904b5a3105cd04350d77b924be68  /usr/bin/sar
12243514b4d277c4201555dd7f0343a9f383d7a3  /usr/bin/say
720d46c356f56f3458d6b62ce91e2f12ce09643a  /usr/bin/sc_usage
3d7e9def7fa6ee208ed95380444095f0dc14ddfe  /usr/bin/scandeps5.18.pl
3ac84c40eea49bd62d917567846eb66097e33777  /usr/bin/scandeps5.16.pl
3d7e9def7fa6ee208ed95380444095f0dc14ddfe  /usr/bin/scandeps5.18.pl
9e57836c447c10b532eb898d9cc8ac04ad356da7  /usr/bin/schemagen
108f28f0b9a4b6508e89aa89769c3d404a6d9494  /usr/bin/scp
d13f3021beda82a7681a6486ea83f9f01a1f54a7  /usr/bin/screen
b7aa157c9ac43d098bf151b425e7e6d2d5d69d66  /usr/bin/script
6098ce275416c0c85e55edb8bbfae5403c664eed  /usr/bin/sdef
f146a10e13daa32c3f1727f0028ff01b55c79723  /usr/bin/sdiff
c49e1b3715d3e205b0f55e763ca90e70c47db563  /usr/bin/sdp
35914613235566bcf3c6fdae17fd7a8153b3ddb5  /usr/bin/sdx
26a527e54ad976814efbbf61760c41aa3f612d48  /usr/bin/security
74b2872320eca504609a2bceb0a2782a3e0bfa52  /usr/bin/sed
e034a7853262fdb4ce192f53e0b8afa5d0215859  /usr/bin/seeksize.d
168c294f4ce8279bc7d486cff85fc91805ab4c95  /usr/bin/segedit
9e1580dcef527bf54a76d456a83f77e37a8cc42c  /usr/bin/seq
bf582a63c30f6b74e575fa9a90f101dbbdb7ac6b  /usr/bin/serialver
940679fd406c4964cc1ea399933c4fa3589dac01  /usr/bin/servertool
77c8fe54ea0864aaeca851736feca13c614a1f66  /usr/bin/setregion
6ab2f8f6dad865ff8b1792f335d213c8766dd65a  /usr/bin/setuids.d
053fd03ed27de2dc618d00726db5d9e5a5baaa30  /usr/bin/sftp
df23cf2389e67b88d33958e866b03d93430acb72  /usr/bin/shar
dcb56150088c64188cfcbf84cb0fc0b83f00a7a1  /usr/bin/shasum5.18
ca1095f01dc4fd4e1ee89d3bda19b1944c2e6e43  /usr/bin/shasum5.16
dcb56150088c64188cfcbf84cb0fc0b83f00a7a1  /usr/bin/shasum5.18
ae70211357fd0e5bd6a0baaaa564beefd87e2607  /usr/bin/shlock
fb13f9457cb02c015db28b71571fb0fc123c76b4  /usr/bin/showmount
ad4a4593ca55b742badd45934c1ef73636df37bf  /usr/bin/sigdist.d
4fbbb7bd58420dee5b04a1aa7c53da5437db095e  /usr/bin/sips
0c0d878bec28add9a7161a93a02113d17d5b2439  /usr/bin/size
dd4d05cffabc084664a3ce486413459c16efc0dd  /usr/bin/slogin
3a71e48f78098ccc19a093d32de090424e65bbf8  /usr/bin/smbutil
b3bb2aa185c4759b3ce04dd249d103be288c8612  /usr/bin/smtpd.py
50ec4c9598732d8a44c0013e1c93c231a494a8f5  /usr/bin/snfsdefrag
cd5528ca9f03fbc1c62409e79d46d3a81e860554  /usr/bin/snmp-bridge-mib
33fda84fda481b33453b161cf3457b0aa16dfd55  /usr/bin/snmpbulkget
3717ddd55d541c13ccb498b960f05c3e31ef32f5  /usr/bin/snmpbulkwalk
c1dde0b5c170b64883b38712303f2c1d6c73917a  /usr/bin/snmpconf
8a82146b4b46fd583f73310229a4f80b66d027ef  /usr/bin/snmpdelta
b83106d62b9d25307dec28ee50de87c433d8b17a  /usr/bin/snmpdf
52a51af019f04d635ee7864dc93f4c28a4cebc96  /usr/bin/snmpget
a2632ba038a37d41e8cc83ce035965bf99c38119  /usr/bin/snmpgetnext
dc6b1886ba1d7987fe9a8aed145c715b6afeeeaa  /usr/bin/snmpinform
295b0fe1c59c6f7ed6cd029f767a09b3487ad003  /usr/bin/snmpnetstat
6fe51c1901aac415f6882c2c298608287fe8711c  /usr/bin/snmpset
a67a5c7d17b913d888cc51ffbe4386890d2e728c  /usr/bin/snmpstatus
6b597d7c34900a3cf185cb29336044c03ac634d1  /usr/bin/snmptable
82f141ac4b942c5341f87ed8258f6e54c176577d  /usr/bin/snmptest
c49767c7fd96f10389596bedf1584757c1fd79f6  /usr/bin/snmptranslate
456a203111728a417aba1cfd698d6e5ec3896194  /usr/bin/snmptrap
2de03fb86a5ada4f1d503415a70db46da444c666  /usr/bin/snmpusm
aed4d4c760789f8b6184e8b4ed7724b141e3518a  /usr/bin/snmpvacm
2ac1a680f50141162506966f1bdb7d2e1a213729  /usr/bin/snmpwalk
92b9d416138ce0fe47da30613a9df451de92a949  /usr/bin/sntp
33359dccd143444d94ebf743b0c9802a329bad30  /usr/bin/soelim
12a6c95a4b21bd039bde46f87f6b283960eb898c  /usr/bin/sort
2a867531f05b748965f3763833f6b5f5d82f68dc  /usr/bin/spfd5.18
05bd460e7759ecbdb138802eec540b7f94589d17  /usr/bin/spfd5.16
2a867531f05b748965f3763833f6b5f5d82f68dc  /usr/bin/spfd5.18
1968c98088cdf4b58d0a491ffea07a123ec04a75  /usr/bin/spfquery5.18
ec8bbb311390259e8b085cc307d954895ed262fd  /usr/bin/spfquery5.16
1968c98088cdf4b58d0a491ffea07a123ec04a75  /usr/bin/spfquery5.18
a3ace6f7b7f19bb10957379f058bcc97ee0a1605  /usr/bin/splain5.18
d95e05b118b4d9fe9059145b9276b151ef1188a0  /usr/bin/splain5.16
a3ace6f7b7f19bb10957379f058bcc97ee0a1605  /usr/bin/splain5.18
1474effcf6ec6e9f742b02e4c91e508ed801ec1d  /usr/bin/split
2384d0cc8f45e2d8b90b1138a46f6e9bb96d3692  /usr/bin/sqlite3
2473fad79a5196c2c882f45aa234ef562974c1af  /usr/bin/srm
dd4d05cffabc084664a3ce486413459c16efc0dd  /usr/bin/ssh
43105ecc5b826ffe885179f40af83473c27c54af  /usr/bin/ssh-add
4199d078a370d3e89a9a0869435da4ad34e20e75  /usr/bin/ssh-agent
f9fc45cbd4269d8dcac9f36c01a117125194b65d  /usr/bin/ssh-keygen
cc3ed5a7753f3d99a332ef78ceda6f1e3a9391c6  /usr/bin/ssh-keyscan
99cb6cf0377da3162109d9911a197449787af744  /usr/bin/stat
139ada34f135c4680947b493e90c811303ae5a0a  /usr/bin/stringdups
07bf0656388890d70c09094ba2b2d034560a92bf  /usr/bin/strings
2dddca77bca138afe67cca685d8dfd133be9c273  /usr/bin/strip
cec6411d6405de5b84fc90c886bb1ee4eaba90f1  /usr/bin/stty5.18.pl
150a2714732c1049d9eb78254d2bd04a8ecc4b12  /usr/bin/stty5.16.pl
cec6411d6405de5b84fc90c886bb1ee4eaba90f1  /usr/bin/stty5.18.pl
7f3d7ef9066067664cdbe9f7a0346e4248d452a8  /usr/bin/su
73214673ccc4e6837a9cb8cc09fe5e345dcb9f29  /usr/bin/sum
63458e1a5127909e60d000b0b2c8740e0149cd38  /usr/bin/svn
22c4b53f948addd87b09884b35c88262c95d55d5  /usr/bin/svnadmin
1e29d15ac234c6abaaa7b0ff9e6b1b9bb146be86  /usr/bin/svndumpfilter
a51716b7c67e4adbbbc6f3cd57f03019ae6d7f6b  /usr/bin/svnlook
640e017c6dee3b56362bb6b90e066095aabe0af3  /usr/bin/svnserve
5c7a15dc499234b935cc6c8c6c9301d983c3a202  /usr/bin/svnsync
d0bef9e2a244fd6ffb151488f84055aa7c729827  /usr/bin/svnversion
b28c775226b9a5ddcbebdf4579a1e1f71bf67fa6  /usr/bin/sw_vers
bee2f30cf59ff0421dd951611acc56e589a740ec  /usr/bin/swift
adc6ed136ea6626fe5c7b4972383f43d095ec52b  /usr/bin/swiftc
ce40202d7ca743adda8168aa574404830987193e  /usr/bin/symbols
0a65ac975bd7b1dc9286f0116c8fc2f627970b54  /usr/bin/symbolscache
c9bfed112e3ab675f2022a3a4e133a3a6220f00d  /usr/bin/syscallbypid.d
bd3fa94612059b53619c88c9be15410488aecd13  /usr/bin/syscallbyproc.d
daaa2609faf850eb72f71029b1338b4fd15cf834  /usr/bin/syscallbysysc.d
647cf3f1fe5235ad6beedb1c0d96eb3fe0e6eb1f  /usr/bin/sysdiagnose
52b3c536dd9b1b64768340ab239f8956bc56970b  /usr/bin/syslog
e1d33537eb14d3a01716dd2d82430cca38212d05  /usr/bin/tab2space
10127235d9257db219a28adadec601cb3f152a62  /usr/bin/tabs
622a1048d40d0a45560a8152cef9ca570f2a991d  /usr/bin/tail
2cecb6f5045504c17c3275398c4b7bbbb4334d32  /usr/bin/talk
40d56cf3d7256f0c67bb4aadd0abf5ce97238119  /usr/bin/tar
24e59307dc28e84ef7f182f43551cf1c06e93abb  /usr/bin/taskinfo
d57f65563136dd3e254f0752e959a98b073244ad  /usr/bin/tbl
180fead3815d9a1bdd9843245c53679cb32b54b5  /usr/bin/tccutil
c890368dfc6fbf15fa5da7d41972a2108eabca9d  /usr/bin/tclsh
f137666edbb2756f64cd8b67357790a7a06ac91d  /usr/bin/tclsh8.4
c890368dfc6fbf15fa5da7d41972a2108eabca9d  /usr/bin/tclsh8.5
052c77f2cc60dd9c2ec25eb7bd7dfd4f5bb8412f  /usr/bin/tee
99428b7e824670992e553d0a67a17c923cac02ef  /usr/bin/telnet
e09d3f395d297078deaf183c855fb97d864f36de  /usr/bin/testrb
a8ad2ee13a33e3d089b316997dc2969ae680bf48  /usr/bin/texi2dvi
75188b275b97bfe8c0e824270640ed95f001cb71  /usr/bin/texi2pdf
4d42a82ea59f23a5459364c146cbd25ab5a30cec  /usr/bin/texindex
d005e32883ee3953b0ec56d68a45d7c35b085782  /usr/bin/textutil
71602a7d569d350c00bec6d6ead155a513344e02  /usr/bin/tfmtodit
f5a6657a689ec5b2fdf099e189d71505cc8bdc32  /usr/bin/tftp
cd7335e625821e8afc124ae0a9c4c50ee8364d42  /usr/bin/thermal
51f915075d0ec239fc420ec799e4ac1fbbfa8822  /usr/bin/tic
f72f1049392828676e5e40c3d2caed68f3441d77  /usr/bin/tidy
324714a786a83a0c6c4ac4f89e024f948e9ba350  /usr/bin/tiff2icns
a61b47bbab68de7c38cfbe50cc1b124588b31986  /usr/bin/tiffutil
ace1cd962847de6a10d088beda72d09dc33c86d9  /usr/bin/time
7fa95405644c8deaa09fcaa9b0398f4368f8cb24  /usr/bin/timer_analyser.d
9fd790f0c5817aa70301f8079d4591e30c1b0397  /usr/bin/timerfires
5e444003ceb1cd60b20ca07aeb486837c4958071  /usr/bin/tkcon
f0913c5094886c43eb6b6f5a2db6f73deec89525  /usr/bin/tkmib
badda8e70793596598507e11857d908cc9fdcf9d  /usr/bin/tkpp5.18
43a56e1f1815e4b40aa15bc60cc88289d07a8dc9  /usr/bin/tkpp5.16
badda8e70793596598507e11857d908cc9fdcf9d  /usr/bin/tkpp5.18
2cc619890f507f69d07b3fa05522a74c843b9951  /usr/bin/tmdiagnose
975b0fdae0764a8b4c3823f95299821e2c6b32f1  /usr/bin/tmutil
26a05c05a16961870e8dd35f1a95aa8068343735  /usr/bin/tnameserv
eb2ca86e75dd3327182206f5ecf90d01a1811215  /usr/bin/toe
892f126b8770235dcbeb003cf3197d8665b73330  /usr/bin/top
77e1e6c9d668461f866bc60a4b2f2e415674365b  /usr/bin/tops
e8263ecbcb3efa92c1dda820a672bd54264c7186  /usr/bin/topsyscall
b757c442178f3012963ec0ab3f957f17a4bed19e  /usr/bin/topsysproc
4bfea98b46826c63cca7c995ea2716d41d243b3f  /usr/bin/touch
60a2a9c7f5ceaabf82704f51b8e7c0aacdca199d  /usr/bin/tput
e0f05353828c7fa43917306a662cf2ccf353a42e  /usr/bin/tr
79b24ef5e7072fd138da4612db540aa65a0c2bf8  /usr/bin/trace
abfb0a59856a11163f50b83c0e9d5207979fec8e  /usr/bin/traptoemail
42e3a6baf2d8762ae208b0c03634730b68df5886  /usr/bin/treereg5.18
14cf3a9a6ad05b2ddaab8e5c8a07facee7234681  /usr/bin/treereg5.16
42e3a6baf2d8762ae208b0c03634730b68df5886  /usr/bin/treereg5.18
8d5b113c094e371c813e9897e597d7a1880fcb96  /usr/bin/trimforce
7142e2267cea66d9df21dc26d77a25651b01f1c2  /usr/bin/troff
58295314ae62d322351a083c36ebbffe4780df95  /usr/bin/true
b26db5001a8f4698a856405623561e6b134efeaf  /usr/bin/tset
fb976a2d62af42f214486a9426a3c87ca12b0fcf  /usr/bin/tsort
4ae86aa1b48bc4d42aeadf2216090a83f6bc8768  /usr/bin/tty
a470d07ae9b4d52f1c9fabeb356cbb951823f841  /usr/bin/type
a079de2b687c5ba68371f92b5eb3a1974a5a37da  /usr/bin/ul
a470d07ae9b4d52f1c9fabeb356cbb951823f841  /usr/bin/ulimit
a470d07ae9b4d52f1c9fabeb356cbb951823f841  /usr/bin/umask
a470d07ae9b4d52f1c9fabeb356cbb951823f841  /usr/bin/unalias
58d4b4d9ec72a51a81352cc58d3c3b565995d523  /usr/bin/uname
9bfb5fd6598505af0461e6d6e4b56d5a4c37b41c  /usr/bin/uncompress
5358cf8fe537ca9cc8674089bd7535d467bc2e53  /usr/bin/unexpand
57cab5c52098a30d99dd20c5ed8527ea0caf591b  /usr/bin/unifdef
55a365d565b6a1b2ee96c44f440f704b78d0fb57  /usr/bin/unifdefall
befd9d40606bc2745f155b308498797daffbc639  /usr/bin/uniq
2020bbbecb19abbc6b4ccd77b20ada396f46c5c6  /usr/bin/units
2d1867cdbca6905d75832919d8b3a338b9e9ba46  /usr/bin/unpack200
15c0f6ae0b00c3e7cf56662675ca4b7518e0364c  /usr/bin/unvis
034a1caf29adcaf7df3ebf93149fca4551387a03  /usr/bin/unzip
1a9dec4ed0db9f46b4294adcd3e5f9342141d9fd  /usr/bin/unzipsfx
2210cbb43732f2b0113941b76cf0d70a5b0e0951  /usr/bin/update_dyld_shared_cache
21a7ce12bbd351c4714220e6d2c1239e4aad31f1  /usr/bin/uptime
5eb512ffd60ba6d7ecc0eeea95de33e71370d04a  /usr/bin/usbkdp
2f523d77cb63972f1a1a780cf35762705cff7b82  /usr/bin/users
66513f1dbcee777715c8a97a56e76ea1e1b88b5d  /usr/bin/uucp
83bc17dd387554c008cd1192e3d64b88859b0966  /usr/bin/uudecode
1ea330599dc35bca2f76e5fd4fec1175be58764c  /usr/bin/uuencode
ae980e9c83e50992e5e3b5ec451d5f4d53333a16  /usr/bin/uuidgen
88e31a9169fc04499b0cacbb5cbad1b8cd9a610b  /usr/bin/uulog
afc8d7e6aa848428fa0f81e4c95fbfe3a5142b83  /usr/bin/uuname
e592b6ec9dec82cadcbb27bcc3f30b4b307f9c8f  /usr/bin/uupick
85d48415214d2b1dce5e975e1a9c0e225d9468a2  /usr/bin/uustat
efb3f43168550dbbdb48be012f658bc5c8406386  /usr/bin/uuto
5d5aca59c83c7ef0e2b4ca968850d2c3a027010c  /usr/bin/uux
f33da895d42b6c1717e526ec6412b777a9e5f707  /usr/bin/vi
f33da895d42b6c1717e526ec6412b777a9e5f707  /usr/bin/view
f33da895d42b6c1717e526ec6412b777a9e5f707  /usr/bin/vim
f33da895d42b6c1717e526ec6412b777a9e5f707  /usr/bin/vimdiff
d2ad1e8d81e18b266efe49f930f84afd08ae6d94  /usr/bin/vimtutor
e6be8f389017c41f24ed2245c09e674edfabb876  /usr/bin/vis
a4a416e95522690a678da22c404dca24c87f4180  /usr/bin/vm_stat
20f2abe9eb9611684f289bceb67bf76ea4f1c1d6  /usr/bin/vmmap
21a7ce12bbd351c4714220e6d2c1239e4aad31f1  /usr/bin/w
a470d07ae9b4d52f1c9fabeb356cbb951823f841  /usr/bin/wait
5ab40840538dea861522941ee14c945c6d5fb764  /usr/bin/wall
dfc46609ad71c5387ce6400207fbf16d4ad73f04  /usr/bin/wc
d4294af8a141a83a1092a185646f645c1d867a5c  /usr/bin/wdutil
87d676f8093d3ef43f8c5e5f6fb8d0d5e6cae19b  /usr/bin/weblatency.d
f0b7f1304e55b2d339c32851612b44d0fd340528  /usr/bin/what
301b953cd5919447d79980805b03c8184657ab06  /usr/bin/whatis
5ce3d1864104a51bcf5ccdcb60601f193851451b  /usr/bin/whereis
22872a7e3adecb4089f2c53ffbf243ac3fc42c5c  /usr/bin/which
b870b7e6ee354c2eb7a2ef5ada133d44e7dd06e9  /usr/bin/who
5e1d22b13f6afd6fa788a11ce3e8dbe204d0115a  /usr/bin/whoami
d106bb0177b4b15944554fc6a4ec094ca154b7e4  /usr/bin/whois
6455ad39ffd7b560efd8c47e99d718a9c433ab1c  /usr/bin/wish
6349f27473137dcf0f2aa2348a8ea985e6472591  /usr/bin/wish8.4
6455ad39ffd7b560efd8c47e99d718a9c433ab1c  /usr/bin/wish8.5
13a00c6af704ff5f6077097ce34918882d6cc9a4  /usr/bin/write
642565eec841344cd8e63f155e063e07e0d055f0  /usr/bin/wsgen
b5b41cf1b49e51081aacba8ac2bbda44351dd7f2  /usr/bin/wsimport
13f82fe7bce7f46d05de9af74deba22d0c61a169  /usr/bin/xar
6f9cb2423a7132ff8bbc50a1fb41c49651e778c1  /usr/bin/xargs
be8c382abb0049b515105c1e5e30401ae7521ec3  /usr/bin/xattr
5b31b7590cd939fcd89b31d22a3f3e9f7b112eef  /usr/bin/xattr-2.6
81385958318adfc586500d7ea06ee26324c92c32  /usr/bin/xattr-2.7
0728449f66efc948608b047affe8592382937da5  /usr/bin/xcode-select
38a3fd62835656fd8b86e832c6b578e357aa3385  /usr/bin/xcodebuild
8d9cc3e538c0c89dc5ff5ec3eeca3264dd6c719c  /usr/bin/xcrun
3764b453e511a915d5939f41b10959227bd9d953  /usr/bin/xed
a640f1a20630c84350230315338ea97389bd44b6  /usr/bin/xgettext5.18.pl
e94c6310935666f83273dd0fa3cfcc304040878b  /usr/bin/xgettext5.16.pl
a640f1a20630c84350230315338ea97389bd44b6  /usr/bin/xgettext5.18.pl
97feb897aab6d2b734434b5d2dfd1d5f5afe5c6d  /usr/bin/xip
3d106940bdc44b7fc525346357da110b0185578c  /usr/bin/xjc
3d77fbc9335e64747831503b110715b8a32eee90  /usr/bin/xml2-config
35a43aa3e64446d4b1bce5247c52c7f3e856d9c1  /usr/bin/xml2man
999e528ea2433fce8fcc5a2965055644c035eab5  /usr/bin/xmlcatalog
e0183b7dc10a69d423cb88540f791862eef9855e  /usr/bin/xmllint
fde44e209cb905d5dd29c1a56608d5517e67b7ff  /usr/bin/xpath5.18
0528b10d746f15a114e12684900420e152e95444  /usr/bin/xpath5.16
fde44e209cb905d5dd29c1a56608d5517e67b7ff  /usr/bin/xpath5.18
e85dd442c501ea6b2074e772178fc75c50c29151  /usr/bin/xslt-config
b9597d1e5af87f54bcd9e1667093b078488ab476  /usr/bin/xsltproc
5bfcf690c940bb415f0d94bc3606a20e5f2d32e6  /usr/bin/xsubpp5.18
ba78114cf231d51da00d3ffc7de04fe8b235d943  /usr/bin/xsubpp5.16
5bfcf690c940bb415f0d94bc3606a20e5f2d32e6  /usr/bin/xsubpp5.18
b9d4debcfcd33eab1a1b5de70930b4eb6ca65b1f  /usr/bin/xxd
6ad817d3e9719441804dfeee68cc10fa9780eea8  /usr/bin/yacc
ef186945cd7a8d57a3d8e227c47d60270c3d60a7  /usr/bin/yes
da18734e300bc6932763fa27330d7dc8dc9762f7  /usr/bin/ypcat
bceb0f46036c57f63b8172d6990da5f1390edc58  /usr/bin/ypmatch
aa1322d5251543af3e7b927d568c63d19a7e1c2f  /usr/bin/ypwhich
328ca9b7c178ce38ab8b5d28d858b25daa026d46  /usr/bin/zcat
2ecc892bbc3dde15aa98aa0e86b1e9b359e61c96  /usr/bin/zcmp
2ecc892bbc3dde15aa98aa0e86b1e9b359e61c96  /usr/bin/zdiff
d6b3853583a7dd19449275723b05b7a7e75d4529  /usr/bin/zegrep
d6b3853583a7dd19449275723b05b7a7e75d4529  /usr/bin/zfgrep
02f21e89fc6e1833d510a7a9b7d7df3db3b88345  /usr/bin/zforce
d6b3853583a7dd19449275723b05b7a7e75d4529  /usr/bin/zgrep
5299b88d1ed768651551f8f0bb81a5fe13451ef5  /usr/bin/zip
c87ff11f2289604cf866d2c426953e9784b6be02  /usr/bin/zipcloak
cde7592dd162691e44e908e77569cd4ad7ea0946  /usr/bin/zipdetails5.18
2b5bdd6741c296b67805283ac2dfe34d16929b31  /usr/bin/zipdetails5.16
cde7592dd162691e44e908e77569cd4ad7ea0946  /usr/bin/zipdetails5.18
252670e0e893836380587b8cb523f7cea1cfb481  /usr/bin/zipgrep
034a1caf29adcaf7df3ebf93149fca4551387a03  /usr/bin/zipinfo
59d3a9fa240bae450c264d68e1eaaeebe453aa00  /usr/bin/zipnote
d43818e40abf154cadc9ba6f8673837ce6cd7286  /usr/bin/zipsplit
b2209c388b2445ffda2a40d142f2722d79273f11  /usr/bin/zless
b2209c388b2445ffda2a40d142f2722d79273f11  /usr/bin/zmore
e47fb6e84c4a1e057526b328f795657a6f874f1b  /usr/bin/znew
907debd870cf26250c86290191ff661c714d794d  /usr/bin/zprint
ba2895d5936d399f62c45f2174a1d08223c2a197  /opt/local/bin/apr-1-config
8a2482b142e72f84fd33e5ae154ceae821353e86  /opt/local/bin/apt-cache
c240f630952adcbb02fcc704dea3682279fb025b  /opt/local/bin/apt-cdrom
c972d2ce36dfd8c41a74b0d31a5427e950ba1848  /opt/local/bin/apt-config
a56f01318feb71604cc903702989f54405080dd7  /opt/local/bin/apt-extracttemplates
0e09d29cdf03ee5e00c72482ca68510751bb424e  /opt/local/bin/apt-get
9bdbe30f11d9868f99c969556430ff126b540b7a  /opt/local/bin/apt-sortpkgs
de3641a1707560d5425b0083d4d1c493ea9daf75  /opt/local/bin/apu-1-config
b6135b7343dca568dc0b3c0a52b1e9cd192b0d1e  /opt/local/bin/autopoint
6e77d501e109ecfe2713510b922419b0ae29ea03  /opt/local/bin/bunzip2
6e77d501e109ecfe2713510b922419b0ae29ea03  /opt/local/bin/bzcat
b18f2c881197ae12beeea03f26b85ce3ec875a42  /opt/local/bin/bzcmp
b18f2c881197ae12beeea03f26b85ce3ec875a42  /opt/local/bin/bzdiff
500ea98094773c3ac10a76009c34f194c9ff2aea  /opt/local/bin/bzegrep
500ea98094773c3ac10a76009c34f194c9ff2aea  /opt/local/bin/bzfgrep
500ea98094773c3ac10a76009c34f194c9ff2aea  /opt/local/bin/bzgrep
6e77d501e109ecfe2713510b922419b0ae29ea03  /opt/local/bin/bzip2
3fe2c5631d4f6ca20f84614ff45d1960537cc67b  /opt/local/bin/bzip2recover
565f7e9a4db0aa84738983ed1172dfd0e5d294cc  /opt/local/bin/bzless
565f7e9a4db0aa84738983ed1172dfd0e5d294cc  /opt/local/bin/bzmore
9a84e4ac5e5ea432544eb5868baf6f2b0c967514  /opt/local/bin/c2ph-5.22
53f40cdc20b221e9dbee4d5133023e121b89d800  /opt/local/bin/c_rehash
52ec8a6287d8d781a039657d554aaa62d8b00970  /opt/local/bin/captoinfo
c643d58ed3e518bb16e8992d6ed60f3378a2cbd9  /opt/local/bin/clear
e2ffb27dc4674f3dcb57d82edd3f0a5ad107dd9a  /opt/local/bin/compile_et
c495db9bea57064ef399c2db50505e4ed497901a  /opt/local/bin/corelist-5.22
79438571421cc3b1bd128df60fef6cc7833b8845  /opt/local/bin/cpan-5.22
b542b362af45ee0d640034d21b8e45a61f9ffb9b  /opt/local/bin/daemondo
8d55631960217335c1ac3d217d2630d5f4197c20  /opt/local/bin/db46_archive
a79a076de666d78567454b2ec9770c4db1c498a7  /opt/local/bin/db46_checkpoint
02d1b2c9f5efbef3ee6ffba686af22251ec65888  /opt/local/bin/db46_codegen
721fd2d40a5df435ddce60378412c49cdcf536ed  /opt/local/bin/db46_deadlock
22784841f3ee8084d5075f630cc9c04bb9aa66dc  /opt/local/bin/db46_dump
8674944d8b18b142596619c1bcb9f6a0412df74b  /opt/local/bin/db46_dump185
ec4ae03bd029ff0e5c914b19034ea94623bc53b3  /opt/local/bin/db46_hotbackup
5356b25fea0ce9e6fdc5584033d9f9b20f3476ce  /opt/local/bin/db46_load
9d41e6775032c5767446fbe2baae0796f0d64ee1  /opt/local/bin/db46_printlog
440775e0a4722c7fa1e6338bb166af5287c051cc  /opt/local/bin/db46_recover
2753ef28f1282aa3ce3c34279d44381250cfd364  /opt/local/bin/db46_stat
27a15cb1d965716fbf7461d6e39a05dfad724811  /opt/local/bin/db46_upgrade
4631c937a237932266f922f244e0990826a794ca  /opt/local/bin/db46_verify
c0e4a39594c74b5307b6607b24be9887b325ec02  /opt/local/bin/dpkg
d9b88c26f2df2bf587bec3a78499f194795b3ebc  /opt/local/bin/dpkg-architecture
d41086d0f32b4bff6c6650b0b71eb4d48f9704ac  /opt/local/bin/dpkg-buildflags
ed505a98f8f33b780a35d1cf57ccf3f2dc002e0a  /opt/local/bin/dpkg-buildpackage
af6be445cb96e8c6a950b8d8e830909d0a7c12cc  /opt/local/bin/dpkg-checkbuilddeps
3d3d56f2ead4f6671221fb2feb8eadddaf05d1d6  /opt/local/bin/dpkg-deb
f963c44f4c3ccdb0a7f675c2a147ba1e56c8d2b7  /opt/local/bin/dpkg-distaddfile
9fa54c5fdb02245a081bf42084db33ced976beea  /opt/local/bin/dpkg-divert
0c61856f39af130b9772ccfdcaeda1e1ed41c223  /opt/local/bin/dpkg-genchanges
4e1e8e0d035bbb498dc3bfa02725d23d0afde933  /opt/local/bin/dpkg-gencontrol
fbfda91f56e6b0fce8c3728bdaf3dc3020c20f3d  /opt/local/bin/dpkg-gensymbols
7a4d64508cf86a6f7028c2245df61c96281f40a2  /opt/local/bin/dpkg-maintscript-helper
bf6161b228e942622d16bce2b047fac10c3b8dec  /opt/local/bin/dpkg-mergechangelogs
51d8c27821ec4baba83b4b518fcb7462ed44e89c  /opt/local/bin/dpkg-name
34637ccf7cd8cd63d4cdad11984e44e901fed664  /opt/local/bin/dpkg-parsechangelog
4339415a43af7c8aeba01b49043067c5fc97d203  /opt/local/bin/dpkg-query
48530801511e7d0474e44e8ba239ede8ad094f6b  /opt/local/bin/dpkg-scanpackages
efcb5f172e4ca4c37ce94d59e175fff5788eded2  /opt/local/bin/dpkg-scansources
091191fe7ac9f88b2959fad35c835e2c735a9a7b  /opt/local/bin/dpkg-shlibdeps
cf2fb1ca883263576a5fbf95cf8e20c237426f39  /opt/local/bin/dpkg-source
b610dec58599caf42cf94614293e206e9626067f  /opt/local/bin/dpkg-split
dbcb998df852bb4f44148e5d592e273612e88d55  /opt/local/bin/dpkg-statoverride
f18a04c66f4d404f5472684034d4352b239fe182  /opt/local/bin/dpkg-trigger
c702a0c5dd8da10a7f251a4e4ccc0c124a1c3d4e  /opt/local/bin/dpkg-vendor
0240818872827241e3a0ea9f07d31fa883376e84  /opt/local/bin/dpl4hydra.sh
c4b04bbc46b81cbcab994aa4d703feba82a04d52  /opt/local/bin/dselect
e93ee10655fa65bd95cbb23fa124be5d5bec3842  /opt/local/bin/enc2xs-5.22
4eab33ed6ad8db5f5911293ff3cc1183dcec4e08  /opt/local/bin/encguess-5.22
f55866fe9907a625c2fc97320fb402386e6da4c1  /opt/local/bin/envsubst
a8e065383ee8f367d689003361f72ad681fb0cc1  /opt/local/bin/flea
301d46beafcdcbf152ddcf6c06a1a3ea60554521  /opt/local/bin/g[
0c6a00d581a57638a98824333f555a2596ff4e86  /opt/local/bin/gbase32
267d204efe97ea382fb6f78cf7cb9fbaf27fbfb4  /opt/local/bin/gbase64
ca144996ff78f2012841cdb146ca425fa74efa94  /opt/local/bin/gbasename
680b0cfe9d1dddc1a35a03486c4bea291abdb9f7  /opt/local/bin/gcat
648365711349e2b36e9ee6042af89344c2ba5cba  /opt/local/bin/gchcon
594ec5ce1e4d174924a5c0a7493c488f04dd405c  /opt/local/bin/gchgrp
63e1153168fd5e7691f7dfbcde9c9838d5bd6364  /opt/local/bin/gchmod
e7e986d400eee32d75f7c23140fca0fd9ae133b9  /opt/local/bin/gchown
cd3598fc928e633e55a3c59a912a39275f927c97  /opt/local/bin/gchroot
7302eddb76761bd1b22d788a956ac9a403fae702  /opt/local/bin/gcksum
4c9b46914b78a04e42d6d490a4550fc937319f0f  /opt/local/bin/gcomm
be78a641359af7cec9301d2419684aee5c24d72f  /opt/local/bin/gcp
6a7b7c006cfb0ada3b193ffa4a75ccfbe289212a  /opt/local/bin/gcsplit
e8d06859ececf648fbafaac93d0a70bce7bb7dbd  /opt/local/bin/gcut
4cd3902598fb023c73689fadb4c0910c2d107f49  /opt/local/bin/gdate
e2ee98bf9e631b24c3394d8673bff481f5e449d0  /opt/local/bin/gdbm_dump
bd386b55131fdd5d5cabf67f750b3269fc431fde  /opt/local/bin/gdbm_load
da2a5201e5b66bc143abf34bb102d9090e5c28c0  /opt/local/bin/gdbmtool
758aa92ad6495f51c86564ba0b5067d6d47867ed  /opt/local/bin/gdd
0b04da0b1cb1d95d06f2bdc35f53c363d5391e3b  /opt/local/bin/gdf
aa9b20bad866dec968783fb90edea06665b1dd27  /opt/local/bin/gdir
a074259bbf32102954e4d446faaf5d796a499818  /opt/local/bin/gdircolors
429a117ffb9ec73bf3c327eb018e73ad4d73cc32  /opt/local/bin/gdirname
2985062bd57d79096ff0ad4580ea274a7a1657c6  /opt/local/bin/gdu
d21faeb8520e13fa5af55eff3fb09ab7f49e5792  /opt/local/bin/gecho
f0f15eb9ca974f34244709053dd22cd004dae385  /opt/local/bin/genv
a65b7a06ddf9d8ab498def62a4454248d4d3993b  /opt/local/bin/gettext
0688f03b80714e3878b820c3b4702e544e753335  /opt/local/bin/gettext.sh
654c366c1fa72a4bcbc5603b71a3c8afa5570ff9  /opt/local/bin/gettextize
6fd7cb7ee0f5c0bfb39473d801493adca3510be6  /opt/local/bin/gexpand
e19397cf9ff62bbfb3712667b46cd579a6806d60  /opt/local/bin/gexpr
e1b9b021bc7e2478c9aa2b2a219b83f7078013d5  /opt/local/bin/gfactor
1e477c93e139f7fd402f65ae48e37f5a40146bf3  /opt/local/bin/gfalse
9ce70813f7cb8c090a1dfab6610b079138ef6ae5  /opt/local/bin/gfmt
1ea4d1221d5dee868f080d5c69f91ffc784b0c9a  /opt/local/bin/gfold
434e52ef61c27b3b2653204ceb896d0790c91deb  /opt/local/bin/ggroups
408101f3e5e8da0f33bfe786e0236905362589b0  /opt/local/bin/ghead
296a76801f2be245e62793d7eb24c356a7746989  /opt/local/bin/ghostid
f31cf558286f987bbf15789de1632bce016fad10  /opt/local/bin/gid
846d02c79e01cd3408b4ccfabcd3209aa6db9307  /opt/local/bin/ginstall
84b0c3ded3375a329048d644e33f82e32a9d6b79  /opt/local/bin/gjoin
f952e8828253820901198f7a18faccf6cf8a91c3  /opt/local/bin/gkill
c5c24bddfd406331c12545a49d5b21a8b89f94fd  /opt/local/bin/glink
17256cf52e63bc40128137774e487354b166a541  /opt/local/bin/gln
caf23b973dad4cac249ad88bf2c3258172bfef1d  /opt/local/bin/glogname
7600ae698a69c196e75e348000020ace84b296e1  /opt/local/bin/gls
11f6921748b7e2ffd660256f3a04bfb6f2d678d4  /opt/local/bin/gmd5sum
47ab39a19c8b6ea9294f4647527741167169bdf3  /opt/local/bin/gmkdir
183a5d16ff47a3340b1070221474b8a5cbb4ebce  /opt/local/bin/gmkfifo
0aaba961aa7e4619d24dfd784ea3132b7b55673b  /opt/local/bin/gmknod
f30abe45f4a0068ee1d6130cf520f81a0a0c3861  /opt/local/bin/gmktemp
4c1ff055b72689e132b3e67903df925db0b711e1  /opt/local/bin/gmv
0974bbe285c90eefc857b6becdf4c238534800e4  /opt/local/bin/gnice
07e67a27982109d6496d3b1d6bd3907b1deaf637  /opt/local/bin/gnl
ad2ee074bbcdbf90209f3c5239912370fa4c7a4a  /opt/local/bin/gnohup
bbaab7c784fe08567efc0fec05a7d261de90002c  /opt/local/bin/gnproc
f23c3b4236a25dfef28ffd4626f18c0db1be6433  /opt/local/bin/gnumfmt
d9c50fa94eded4f42b5df461e6596b15ea1a2d0c  /opt/local/bin/gnutar
cf13e82b7fe0f9d89c6705e2342bea31d60c2df3  /opt/local/bin/god
9d2603baac609cd48dd8c0030c12710432cfb5e0  /opt/local/bin/gpaste
f392fa7bdf4924f04166c0383be8b2f7220a872a  /opt/local/bin/gpathchk
17ec1854facd5824eb70a791d136deaf2dd3ff1e  /opt/local/bin/gpinky
30aeb7ebe581a1bed8bd3abfd50481640432a80d  /opt/local/bin/gpr
66fa329c87f041a598e425ac9ff7a181a06ca152  /opt/local/bin/gprintenv
76e4312e5549a41a21b6259ad7c7a34c4cbbb64a  /opt/local/bin/gprintf
88ae224f3cf34b9d53d5d2866bc59f36bf00ea3a  /opt/local/bin/gptx
6ca3f862462eb11beaf489811eab504f3b03400c  /opt/local/bin/gpwd
d084acaa253b14a86bc2b572d1955999b5f32f34  /opt/local/bin/greadlink
d4c0c117b0b3eaef406cf69597b67653b26395bb  /opt/local/bin/grealpath
96c68d3a46d9df5a594ea4d2b8843e2c25c4697e  /opt/local/bin/grm
4c741bea63cd926326606d53fbe2727640d16e91  /opt/local/bin/grmdir
59291df826619bad2a3ed7371b34e53ca8db1733  /opt/local/bin/gruncon
0f2c262c723f8f386e5d86654a2cd5f0d079a0d5  /opt/local/bin/gseq
944cbed04c898f97d7137e9886a5bb8b14304f50  /opt/local/bin/gsha1sum
732a87d792c0218e3300bf4a081196fa9acb363a  /opt/local/bin/gsha224sum
708ecf76ba7eb6aa966af793a7616c0af1577436  /opt/local/bin/gsha256sum
8f93579e908043da4a64aac1ad5ca42533b686f7  /opt/local/bin/gsha384sum
33f70574625d83d93bf9dc7d3b33c4f50575bfce  /opt/local/bin/gsha512sum
124d529148c9671005871a3be1e073957b8194f5  /opt/local/bin/gshred
572113f983fcc3820ad55959e94aa262db0d8be6  /opt/local/bin/gshuf
ac2e8718a0467f010ae6681721d864af0763ff7b  /opt/local/bin/gsleep
ffa76fa75d532a7d8b6b8383f8db0dca529fc099  /opt/local/bin/gsort
d97cde0dac94c199c557bb035ff51fc1a19ba65b  /opt/local/bin/gsplit
3951bc356b7a125986cf81ca508276b761d3e108  /opt/local/bin/gss-client
ac1da07111b2d91c4e0feaaa0d4503bb9266392f  /opt/local/bin/gstat
8bec1844257b0cc8349e29f60a2744ac40b65655  /opt/local/bin/gstdbuf
25560b84e71933891d187f251c55d1465d970cf3  /opt/local/bin/gstty
607418b60a196d0f2e973bceaa1e22eb9984eb86  /opt/local/bin/gsum
8ea3cb0ba13df396d26816566fb6cb87393fa29d  /opt/local/bin/gsync
4da22b52810f57e3f990950826a5b563176eb8fa  /opt/local/bin/gtac
419eb3827f4f93b619d6b9a402b9ab5fa89e9be3  /opt/local/bin/gtail
627aaa56cd5274b0d8f8f4bdfdc81230e0ce33f4  /opt/local/bin/gtee
980dc53b4659dd9b9a650c3bb10668ac390bde2f  /opt/local/bin/gtest
15383e577e26cc0cb7c98763227d7ffaad744092  /opt/local/bin/gtimeout
13b7a6b3b0e567944b8c0e8d8eea6c268ff24748  /opt/local/bin/gtouch
f22af801f2e46b969334a4febfb08416e9ffbf2a  /opt/local/bin/gtr
3e7f1b152bfe359e64cf556248f262ee891d9bc2  /opt/local/bin/gtrue
bcdb98962cbf4a620e19567d7003997dfcdc5cc5  /opt/local/bin/gtruncate
031343c2c77c9735ef7260ba03aa4ccbb4c064d4  /opt/local/bin/gtsort
4927841b1e6758493020c04997e6f14aea63e457  /opt/local/bin/gtty
f0633150c53676aab8f7fca944c23ff14d69c324  /opt/local/bin/guname
103bcd7611648d00a35cc727a134ca49fc1afcc3  /opt/local/bin/gunexpand
2bf2c5d1811c7c5b6e9100dbc52f5d1fced9e331  /opt/local/bin/guniq
8245c8143d4e4338afdfb817b37885a1ea305a17  /opt/local/bin/gunlink
f13554620291469c919da0fd1261fd185d92d8b8  /opt/local/bin/gunzip
d95b20ed3c8745bafd1410c8d239284a5a369093  /opt/local/bin/guptime
08cacbcf5f095002b4863852a64d368df32a2117  /opt/local/bin/gusers
58c0d7726165d0bbef48828e037d9adeeec671df  /opt/local/bin/gvdir
3fb978f6fca4998a8e4012233d15b431710c7e81  /opt/local/bin/gwc
6b126eef420654f575e2062ac8d401fb4d576756  /opt/local/bin/gwho
afcbe4da874ab361ba780e7aa664297825b68ddf  /opt/local/bin/gwhoami
d911d7e0adcfa2753fb87a13d6e235377969f8b4  /opt/local/bin/gyes
9e066f348a38e8b397f68b6002fd90a594dabf8a  /opt/local/bin/gzexe
7c581683c38e2cba829b9e801243a8a49dbfdbaa  /opt/local/bin/gzip
bb32844c6c0b3826e2a7bb365968bd65ae7aad32  /opt/local/bin/h2ph-5.22
b0a19e99c9a46fed7c3c2afecda56a802471679e  /opt/local/bin/h2xs-5.22
0538e6adbf1e28c96033b0b40d70c51d53646c5c  /opt/local/bin/hydra
458c478ba744a2fa3e3f66776fa3199793265556  /opt/local/bin/iconv
033f16601defd2d5f0358fb981e3e96e44c9b733  /opt/local/bin/idn
640eb4c5fc213f913a92dc039afcc075e5414930  /opt/local/bin/infocmp
52ec8a6287d8d781a039657d554aaa62d8b00970  /opt/local/bin/infotocap
2a7b709bf78533473221838ed966c6be3878e237  /opt/local/bin/instmodsh-5.22
de8c7feedf880ec993779a809544c0b8ee6c9a2c  /opt/local/bin/json_pp-5.22
67c9b21eb4984d7e09d8b288b6c67c9b97165c1e  /opt/local/bin/k5srvutil
9140c5d9c46fa71f28dfd2bfbc667c4b7722da2d  /opt/local/bin/kadmin
295b435721a45d65621d9156128ccae513b02a85  /opt/local/bin/kdestroy
9b3c69e9521a2da10416d82fa9a82c8fe7b50e09  /opt/local/bin/kinit
7a9a8d0fe480fb187c82ec36f9da757f9eab08ce  /opt/local/bin/klist
366cc6a5ca0dbe320554ccf8ebb4a4c216586e8b  /opt/local/bin/kpasswd
f6f4bf52ccfcb796b6d188c382d2979632eacf9b  /opt/local/bin/krb5-config
d67b6f1fc982b9b5387596f1ff1bc2a878b40643  /opt/local/bin/ksu
1885d4a706420f9464d16d7e0d86869fab1e3379  /opt/local/bin/kswitch
52b725feaf5666b33ab65b7d9ab235956b466830  /opt/local/bin/ktutil
c17e8904ce6e67ae038faca20221a1de4ec270a3  /opt/local/bin/kvno
ecc67e32eb633be51ec2610d1c89f38cfa05a1ed  /opt/local/bin/ldrdf
b2060649785eaea1a5fb1bc2ffab1b1aaaeea81c  /opt/local/bin/libnetcfg-5.22
233952b6dde34330f44df1e38659359d4ec5216b  /opt/local/bin/lzcat
7bc9b457f5f90747b81ee5cbbce38d6c7d9fd283  /opt/local/bin/lzcmp
7bc9b457f5f90747b81ee5cbbce38d6c7d9fd283  /opt/local/bin/lzdiff
ecc2bab87560c3ded7e85ff069d5e285a277242f  /opt/local/bin/lzegrep
ecc2bab87560c3ded7e85ff069d5e285a277242f  /opt/local/bin/lzfgrep
ecc2bab87560c3ded7e85ff069d5e285a277242f  /opt/local/bin/lzgrep
106bf013f3aedbf7f2e5f2bf7db4a72751069902  /opt/local/bin/lzless
233952b6dde34330f44df1e38659359d4ec5216b  /opt/local/bin/lzma
4a4397194c06ee03c6acd16f45e5cb05c01c3bf6  /opt/local/bin/lzmadec
c80bbdfe3c09112e3b71bf6f78ab2c4fe3b835c3  /opt/local/bin/lzmainfo
e1f6368c837b814839eaa8853df06dd6f11d9043  /opt/local/bin/lzmore
06ffd8d6eee9405038485e50be3036df15267366  /opt/local/bin/medusa
5431cfd629677c327e89f005dec72086340d68a6  /opt/local/bin/msgattrib
d6400eec63cb078a6d712e047c305fd8857f01cb  /opt/local/bin/msgcat
7feddaf3797bb0f881c252a88018ff668c7bcdb8  /opt/local/bin/msgcmp
35bbdbcc1b47d889fcaff7a3aecd300cde189ed6  /opt/local/bin/msgcomm
5fad70ba1cee762d05e552a1be3b8a79cee65c48  /opt/local/bin/msgconv
e142e3e46b1a948ec1b0e5552f3bc2146c429817  /opt/local/bin/msgen
21284e1524c0d2999ec147edc478232be1ae8e38  /opt/local/bin/msgexec
63389f610d0a38210688c8a39f7054acfe7ee6ee  /opt/local/bin/msgfilter
fe69ba9784684f5a03b444fdb001b756abf41c81  /opt/local/bin/msgfmt
c1f4ac9e8aee94883a31668485dabebdb7fa850b  /opt/local/bin/msggrep
bc29fa2069bd96aed9a65bf258742ef280eeff2c  /opt/local/bin/msginit
8d10f455b0b1b14987098d1ccfed7936efb36b13  /opt/local/bin/msgmerge
0dc8ab1a4445fa5751e4d7bac25d4e4c9b73e30e  /opt/local/bin/msgunfmt
4506d4c94995a7f8fe4d64a1bc98c7618babade1  /opt/local/bin/msguniq
492275f81e1c6cb8c67f7a7a85220a5f9fd12dc1  /opt/local/bin/mutt
ffc60ba8f40f71bc9bd6740bd425623840defec2  /opt/local/bin/mutt_dotlock
83ea9ffed5576dc613d61879f287cf80efa8a50d  /opt/local/bin/muttbug
8fd5432883e9ae02831045f1be100302ffacf793  /opt/local/bin/nasm
c7ceed05c435095ad28a96f8f7bd20ddbe8b1544  /opt/local/bin/ncat
27490592ad2e104f9f70fbb6ec9eea2add3bc7db  /opt/local/bin/ncurses6-config
27490592ad2e104f9f70fbb6ec9eea2add3bc7db  /opt/local/bin/ncursesw6-config
2cd2e296f0dd8aae4a40efb9f7c935f4cacd0586  /opt/local/bin/ndisasm
21fc328e95b25ddf32fa6b7a1b3ea0aae334f4bd  /opt/local/bin/ngettext
e3173a3941f918c578808e80041ef8e841abb757  /opt/local/bin/nmap
24373f4dca805dc1dc967b4b7ab9b50032656bff  /opt/local/bin/nmap-update
10bc860e8d52d75936d39fbde1b882b61192585d  /opt/local/bin/nping
1e876b1ff71ee8085c6b3ba396b93dd8e39f7452  /opt/local/bin/openssl
06bf20915f8cde4ff7af1895482361cbc375abb3  /opt/local/bin/pcap-config
e75eca219a448b619e3496ddda672dead5e773a6  /opt/local/bin/pcre-config
5b5c7c5e1fc347394ef4f945736b66484bcb3419  /opt/local/bin/pcregrep
3397f8c296c27a0b9b797fe9c847757747882853  /opt/local/bin/pcretest
67cd5a2cda52b31abba35ea876632a91e3071bf6  /opt/local/bin/perl5.22
67cd5a2cda52b31abba35ea876632a91e3071bf6  /opt/local/bin/perl5.22.1
ac9f6fb0cbf46c13aa646583714ec497a9f3b232  /opt/local/bin/perlbug-5.22
9af5eda7bcbd8abccd14dbf6e49341c7f413641f  /opt/local/bin/perldoc-5.22
c74adc5855aa097ee6916ca5201f29bdfb3d2679  /opt/local/bin/perlivp-5.22
ac9f6fb0cbf46c13aa646583714ec497a9f3b232  /opt/local/bin/perlthanks-5.22
08bab4b45cfeceda3b937e6c01f0bf071ad91d37  /opt/local/bin/pgpewrap
74b7a3d72bb386091b58271985cf2a224396c5e7  /opt/local/bin/piconv-5.22
b51e19e895aef245081f144102780c1768a41879  /opt/local/bin/pl2pm-5.22
5d5d20f6e52eb06f9eb4330d63b92a8c2fb31f8b  /opt/local/bin/pod2html-5.22
1a7be9a647ec0b068357c4819927d93471f3d8fe  /opt/local/bin/pod2man-5.22
f2b271fe25edfb2e86b07731f36d2140f5991d0e  /opt/local/bin/pod2text-5.22
eda51c9b7fd9ca60371ccfab37ec8a9e4ccbdd2d  /opt/local/bin/pod2usage-5.22
d4fe1df20c3b0e9318880d40c597e866f54134f8  /opt/local/bin/podchecker-5.22
6c50b822d0f7801c479c05d0742e363be37428cb  /opt/local/bin/podselect-5.22
ec5bdb68be04be47084cf34e099269955d2e1236  /opt/local/bin/port
569820d9340d87d652f482e3ee20cedc1cb08e77  /opt/local/bin/port-tclsh
ec5bdb68be04be47084cf34e099269955d2e1236  /opt/local/bin/portf
ae43f5e7655d2f4cd19e9df3927e782b10e1e328  /opt/local/bin/portindex
9a069a7b26b28ea945b8491dfa2ab923b6f6f5d9  /opt/local/bin/portmirror
133306ddaf44d13cf9753993887d66cb9467cb91  /opt/local/bin/prove-5.22
9a84e4ac5e5ea432544eb5868baf6f2b0c967514  /opt/local/bin/pstruct-5.22
b74680a10319610f9ea1d4fe561e4c89617fdf07  /opt/local/bin/ptar-5.22
e9a59062b504e555bff75e1d370e96c096330a02  /opt/local/bin/ptardiff-5.22
73359c1202ea403c46b6eb47809d90455bf4b83e  /opt/local/bin/ptargrep-5.22
dd90b878d005990adaa522bda4c22f297b019e7b  /opt/local/bin/pw-inspector
bd5ffef602ba3a2f621ebe1654af94a0ad1a1eab  /opt/local/bin/rdf2bin
bd5ffef602ba3a2f621ebe1654af94a0ad1a1eab  /opt/local/bin/rdf2com
bd5ffef602ba3a2f621ebe1654af94a0ad1a1eab  /opt/local/bin/rdf2ihx
bd5ffef602ba3a2f621ebe1654af94a0ad1a1eab  /opt/local/bin/rdf2ith
bd5ffef602ba3a2f621ebe1654af94a0ad1a1eab  /opt/local/bin/rdf2srec
ddec5c1dfe94686211ccc1e2882f38f1c8cc00a3  /opt/local/bin/rdfdump
f6eff144dda9a9e1a9c5f85ace20902c6151d247  /opt/local/bin/rdflib
150f567ebd8cbd7852c665ce8dde0982eef8974a  /opt/local/bin/rdx
dd30a3561ad70f768c58b0c6f72d812edd0f40f1  /opt/local/bin/recode-sr-latin
a0c2c3716232eb4dc284bdb5bc31de8d158ac026  /opt/local/bin/reset
9ccbf2f487434f7de1565d4bc7cf9838bc9e7e2d  /opt/local/bin/sclient
a867270b22afc45f3f05f717af1eb016d8d27fac  /opt/local/bin/shasum-5.22
06561efd73519bb290a9b5cf22fb0fa1cdb25c92  /opt/local/bin/sim_client
e4dfa146b907a864c457aea1dd808b27b92d5455  /opt/local/bin/smime_keys
239a189c7baf597299f0b47fa24461cf7d139dde  /opt/local/bin/splain-5.22
7df8bd3b13953fdc80cb1c69fe5d0d904bd7b74c  /opt/local/bin/sqlite3
6b23dc49106988218f4fb0f137190f59b63a352d  /opt/local/bin/svn
a01840026aa9f19565bad03bfcf4a3402e22ffd0  /opt/local/bin/svnadmin
8892693c5da45f917374b9363522c755084ac70b  /opt/local/bin/svnbench
7a471be515ac114cde6d303e9abc352a5a3a8f60  /opt/local/bin/svndumpfilter
e366e079290fa06086e90b8aa701e03a7fb86d51  /opt/local/bin/svnfsfs
1eee16aabf5d07482169c4be8514a716110061a7  /opt/local/bin/svnlook
b3ba7e8d8acc0d8b93d65460ce01f1bdcfb5e4d6  /opt/local/bin/svnmucc
137cd24ac1eb6dab74ec54476f78fb12931be5be  /opt/local/bin/svnrdump
64a2a5cc80eb5f9fd2afe7be43da1d6825e60757  /opt/local/bin/svnserve
585fdb5ea676f477dc912a57c2b0da35c5ac85a5  /opt/local/bin/svnsync
2ac903207f54358e9fd7cb42d79b52ce0d7bd325  /opt/local/bin/svnversion
d7f3940e11d2be453133372c999ac0bff50ba641  /opt/local/bin/tabs
1997b49b0bd429560b7c7a40581ed2eebe54ecfa  /opt/local/bin/tempfile
52ec8a6287d8d781a039657d554aaa62d8b00970  /opt/local/bin/tic
1931de1a4b5907f4e8a23afae3df3d4cf34aee8b  /opt/local/bin/toe
2a1369680ef6c7a3022143872799e82d8b239dee  /opt/local/bin/tput
a0c2c3716232eb4dc284bdb5bc31de8d158ac026  /opt/local/bin/tset
f13554620291469c919da0fd1261fd185d92d8b8  /opt/local/bin/uncompress
233952b6dde34330f44df1e38659359d4ec5216b  /opt/local/bin/unlzma
233952b6dde34330f44df1e38659359d4ec5216b  /opt/local/bin/unxz
d8d2baccbae73f559d33207f3459ce53740e0ab6  /opt/local/bin/update-alternatives
9cc916e6bb9e00bd19cfe4fbdbc3ba5d5ae5fecb  /opt/local/bin/uuclient
c9e961eb85d56f38742ade1886b3ea9781c4a674  /opt/local/bin/xgettext
0a436d949745feed396ee5c80533b4183e627d86  /opt/local/bin/xmlwf
2546f5e7c338cfd4f3705292ab9fbaa0b8764188  /opt/local/bin/xsubpp-5.22
233952b6dde34330f44df1e38659359d4ec5216b  /opt/local/bin/xz
233952b6dde34330f44df1e38659359d4ec5216b  /opt/local/bin/xzcat
7bc9b457f5f90747b81ee5cbbce38d6c7d9fd283  /opt/local/bin/xzcmp
20026a4314ba08f998da43370c0caa7f67422bb6  /opt/local/bin/xzdec
7bc9b457f5f90747b81ee5cbbce38d6c7d9fd283  /opt/local/bin/xzdiff
ecc2bab87560c3ded7e85ff069d5e285a277242f  /opt/local/bin/xzegrep
ecc2bab87560c3ded7e85ff069d5e285a277242f  /opt/local/bin/xzfgrep
ecc2bab87560c3ded7e85ff069d5e285a277242f  /opt/local/bin/xzgrep
106bf013f3aedbf7f2e5f2bf7db4a72751069902  /opt/local/bin/xzless
e1f6368c837b814839eaa8853df06dd6f11d9043  /opt/local/bin/xzmore
8436993330d6212055270710ba1badea07d8269f  /opt/local/bin/zcat
7ce7288019682c726d6f16502dc084a80d1c88bb  /opt/local/bin/zcmp
f9804989d8ab51147499314bc3515b59ea83f395  /opt/local/bin/zdiff
2d11252269412282366b9dd25b6af4bcc79c6da4  /opt/local/bin/zegrep
05d8c3d028012b91562f726a299e5fdb56ec4336  /opt/local/bin/zfgrep
c52eaaa995066de4ed35addee6358d87d952070d  /opt/local/bin/zforce
e411f0b480183b2e44f3708c1b65f460a82577ba  /opt/local/bin/zgrep
921f0d87d93f873716912a20566fc13bc414e427  /opt/local/bin/zipdetails-5.22
a7cc778718150b870e5be8e85725d53cb1dfc856  /opt/local/bin/zless
d1d02f453d604c1362620d2571024dfb921e6420  /opt/local/bin/zmore
a329b5b45048ec0219a790b547f84de5977ad7b9  /opt/local/bin/znew
